{"C:\\Users\\alexi\\Desktop\\Folders\\Projects\\BAMX\\frontend\\components\\AnimatedSwitch.tsx": {"path":"C:\\Users\\alexi\\Desktop\\Folders\\Projects\\BAMX\\frontend\\components\\AnimatedSwitch.tsx","statementMap":{"0":{"start":{"line":19,"column":30},"end":{"line":19,"column":50}},"1":{"start":{"line":20,"column":26},"end":{"line":20,"column":57}},"2":{"start":{"line":21,"column":16},"end":{"line":21,"column":40}},"3":{"start":{"line":22,"column":17},"end":{"line":22,"column":33}},"4":{"start":{"line":24,"column":22},"end":{"line":32,"column":3}},"5":{"start":{"line":25,"column":4},"end":{"line":25,"column":22}},"6":{"start":{"line":26,"column":4},"end":{"line":26,"column":26}},"7":{"start":{"line":27,"column":4},"end":{"line":31,"column":15}},"8":{"start":{"line":34,"column":27},"end":{"line":37,"column":4}},"9":{"start":{"line":39,"column":2},"end":{"line":93,"column":4}},"10":{"start":{"line":62,"column":25},"end":{"line":62,"column":48}},"11":{"start":{"line":78,"column":25},"end":{"line":78,"column":54}},"12":{"start":{"line":96,"column":15},"end":{"line":143,"column":2}}},"fnMap":{"0":{"name":"AnimatedSwitch","decl":{"start":{"line":18,"column":24},"end":{"line":18,"column":38}},"loc":{"start":{"line":18,"column":79},"end":{"line":94,"column":1}},"line":18},"1":{"name":"(anonymous_1)","decl":{"start":{"line":24,"column":22},"end":{"line":24,"column":23}},"loc":{"start":{"line":24,"column":42},"end":{"line":32,"column":3}},"line":24},"2":{"name":"(anonymous_2)","decl":{"start":{"line":62,"column":19},"end":{"line":62,"column":20}},"loc":{"start":{"line":62,"column":25},"end":{"line":62,"column":48}},"line":62},"3":{"name":"(anonymous_3)","decl":{"start":{"line":78,"column":19},"end":{"line":78,"column":20}},"loc":{"start":{"line":78,"column":25},"end":{"line":78,"column":54}},"line":78}},"branchMap":{"0":{"loc":{"start":{"line":28,"column":15},"end":{"line":28,"column":44}},"type":"cond-expr","locations":[{"start":{"line":28,"column":39},"end":{"line":28,"column":40}},{"start":{"line":28,"column":43},"end":{"line":28,"column":44}}],"line":28},"1":{"loc":{"start":{"line":61,"column":33},"end":{"line":61,"column":77}},"type":"binary-expr","locations":[{"start":{"line":61,"column":33},"end":{"line":61,"column":54}},{"start":{"line":61,"column":58},"end":{"line":61,"column":77}}],"line":61},"2":{"loc":{"start":{"line":67,"column":14},"end":{"line":67,"column":77}},"type":"cond-expr","locations":[{"start":{"line":67,"column":38},"end":{"line":67,"column":55}},{"start":{"line":67,"column":58},"end":{"line":67,"column":77}}],"line":67},"3":{"loc":{"start":{"line":76,"column":12},"end":{"line":76,"column":62}},"type":"binary-expr","locations":[{"start":{"line":76,"column":12},"end":{"line":76,"column":39}},{"start":{"line":76,"column":43},"end":{"line":76,"column":62}}],"line":76},"4":{"loc":{"start":{"line":83,"column":14},"end":{"line":85,"column":37}},"type":"cond-expr","locations":[{"start":{"line":84,"column":18},"end":{"line":84,"column":35}},{"start":{"line":85,"column":18},"end":{"line":85,"column":37}}],"line":83}},"s":{"0":12,"1":12,"2":12,"3":12,"4":12,"5":4,"6":4,"7":4,"8":12,"9":12,"10":1,"11":3,"12":1},"f":{"0":12,"1":4,"2":1,"3":3},"b":{"0":[1,3],"1":[12,9],"2":[9,3],"3":[12,3],"4":[3,9]},"_coverageSchema":"1a1c01bbd47fc00a2c39e90264f33305004495a9","hash":"c95cac9d7fe09b7cf628b885399ec4fad15dea59"}
,"C:\\Users\\alexi\\Desktop\\Folders\\Projects\\BAMX\\frontend\\components\\Contenedor.tsx": {"path":"C:\\Users\\alexi\\Desktop\\Folders\\Projects\\BAMX\\frontend\\components\\Contenedor.tsx","statementMap":{"0":{"start":{"line":21,"column":34},"end":{"line":21,"column":49}},"1":{"start":{"line":22,"column":22},"end":{"line":22,"column":52}},"2":{"start":{"line":23,"column":16},"end":{"line":23,"column":40}},"3":{"start":{"line":24,"column":17},"end":{"line":24,"column":33}},"4":{"start":{"line":26,"column":22},"end":{"line":34,"column":3}},"5":{"start":{"line":32,"column":6},"end":{"line":32,"column":72}},"6":{"start":{"line":36,"column":29},"end":{"line":39,"column":3}},"7":{"start":{"line":37,"column":4},"end":{"line":37,"column":33}},"8":{"start":{"line":37,"column":26},"end":{"line":37,"column":31}},"9":{"start":{"line":38,"column":4},"end":{"line":38,"column":49}},"10":{"start":{"line":41,"column":22},"end":{"line":44,"column":3}},"11":{"start":{"line":42,"column":4},"end":{"line":42,"column":61}},"12":{"start":{"line":42,"column":31},"end":{"line":42,"column":61}},"13":{"start":{"line":43,"column":4},"end":{"line":43,"column":74}},"14":{"start":{"line":46,"column":23},"end":{"line":49,"column":3}},"15":{"start":{"line":47,"column":4},"end":{"line":47,"column":44}},"16":{"start":{"line":47,"column":31},"end":{"line":47,"column":44}},"17":{"start":{"line":48,"column":4},"end":{"line":48,"column":64}},"18":{"start":{"line":51,"column":2},"end":{"line":108,"column":4}},"19":{"start":{"line":111,"column":28},"end":{"line":114,"column":2}},"20":{"start":{"line":111,"column":73},"end":{"line":114,"column":1}},"21":{"start":{"line":116,"column":23},"end":{"line":119,"column":2}},"22":{"start":{"line":116,"column":47},"end":{"line":119,"column":1}},"23":{"start":{"line":121,"column":15},"end":{"line":174,"column":2}}},"fnMap":{"0":{"name":"Contenedor","decl":{"start":{"line":20,"column":24},"end":{"line":20,"column":34}},"loc":{"start":{"line":20,"column":68},"end":{"line":109,"column":1}},"line":20},"1":{"name":"(anonymous_1)","decl":{"start":{"line":31,"column":11},"end":{"line":31,"column":12}},"loc":{"start":{"line":32,"column":6},"end":{"line":32,"column":72}},"line":32},"2":{"name":"(anonymous_2)","decl":{"start":{"line":36,"column":29},"end":{"line":36,"column":30}},"loc":{"start":{"line":36,"column":35},"end":{"line":39,"column":3}},"line":36},"3":{"name":"(anonymous_3)","decl":{"start":{"line":37,"column":16},"end":{"line":37,"column":17}},"loc":{"start":{"line":37,"column":26},"end":{"line":37,"column":31}},"line":37},"4":{"name":"(anonymous_4)","decl":{"start":{"line":41,"column":22},"end":{"line":41,"column":23}},"loc":{"start":{"line":41,"column":28},"end":{"line":44,"column":3}},"line":41},"5":{"name":"(anonymous_5)","decl":{"start":{"line":46,"column":23},"end":{"line":46,"column":24}},"loc":{"start":{"line":46,"column":29},"end":{"line":49,"column":3}},"line":46},"6":{"name":"(anonymous_6)","decl":{"start":{"line":111,"column":28},"end":{"line":111,"column":29}},"loc":{"start":{"line":111,"column":73},"end":{"line":114,"column":1}},"line":111},"7":{"name":"(anonymous_7)","decl":{"start":{"line":116,"column":23},"end":{"line":116,"column":24}},"loc":{"start":{"line":116,"column":47},"end":{"line":119,"column":1}},"line":116}},"branchMap":{"0":{"loc":{"start":{"line":27,"column":28},"end":{"line":27,"column":55}},"type":"cond-expr","locations":[{"start":{"line":27,"column":37},"end":{"line":27,"column":46}},{"start":{"line":27,"column":49},"end":{"line":27,"column":55}}],"line":27},"1":{"loc":{"start":{"line":29,"column":26},"end":{"line":29,"column":56}},"type":"cond-expr","locations":[{"start":{"line":29,"column":35},"end":{"line":29,"column":44}},{"start":{"line":29,"column":47},"end":{"line":29,"column":56}}],"line":29},"2":{"loc":{"start":{"line":31,"column":12},"end":{"line":31,"column":23}},"type":"default-arg","locations":[{"start":{"line":31,"column":22},"end":{"line":31,"column":23}}],"line":31},"3":{"loc":{"start":{"line":32,"column":6},"end":{"line":32,"column":72}},"type":"cond-expr","locations":[{"start":{"line":32,"column":15},"end":{"line":32,"column":45}},{"start":{"line":32,"column":48},"end":{"line":32,"column":72}}],"line":32},"4":{"loc":{"start":{"line":42,"column":4},"end":{"line":42,"column":61}},"type":"if","locations":[{"start":{"line":42,"column":4},"end":{"line":42,"column":61}},{"start":{},"end":{}}],"line":42},"5":{"loc":{"start":{"line":43,"column":11},"end":{"line":43,"column":73}},"type":"cond-expr","locations":[{"start":{"line":43,"column":42},"end":{"line":43,"column":53}},{"start":{"line":43,"column":56},"end":{"line":43,"column":73}}],"line":43},"6":{"loc":{"start":{"line":47,"column":4},"end":{"line":47,"column":44}},"type":"if","locations":[{"start":{"line":47,"column":4},"end":{"line":47,"column":44}},{"start":{},"end":{}}],"line":47},"7":{"loc":{"start":{"line":48,"column":11},"end":{"line":48,"column":63}},"type":"cond-expr","locations":[{"start":{"line":48,"column":42},"end":{"line":48,"column":51}},{"start":{"line":48,"column":54},"end":{"line":48,"column":63}}],"line":48},"8":{"loc":{"start":{"line":62,"column":18},"end":{"line":62,"column":48}},"type":"cond-expr","locations":[{"start":{"line":62,"column":41},"end":{"line":62,"column":43}},{"start":{"line":62,"column":46},"end":{"line":62,"column":48}}],"line":62},"9":{"loc":{"start":{"line":85,"column":15},"end":{"line":85,"column":54}},"type":"cond-expr","locations":[{"start":{"line":85,"column":38},"end":{"line":85,"column":46}},{"start":{"line":85,"column":49},"end":{"line":85,"column":54}}],"line":85},"10":{"loc":{"start":{"line":113,"column":9},"end":{"line":113,"column":70}},"type":"cond-expr","locations":[{"start":{"line":113,"column":21},"end":{"line":113,"column":26}},{"start":{"line":113,"column":29},"end":{"line":113,"column":70}}],"line":113},"11":{"loc":{"start":{"line":113,"column":29},"end":{"line":113,"column":70}},"type":"cond-expr","locations":[{"start":{"line":113,"column":49},"end":{"line":113,"column":58}},{"start":{"line":113,"column":61},"end":{"line":113,"column":70}}],"line":113},"12":{"loc":{"start":{"line":117,"column":9},"end":{"line":117,"column":35}},"type":"cond-expr","locations":[{"start":{"line":117,"column":20},"end":{"line":117,"column":27}},{"start":{"line":117,"column":30},"end":{"line":117,"column":35}}],"line":117}},"s":{"0":0,"1":0,"2":0,"3":0,"4":0,"5":0,"6":0,"7":0,"8":0,"9":0,"10":0,"11":0,"12":0,"13":0,"14":0,"15":0,"16":0,"17":0,"18":0,"19":0,"20":0,"21":0,"22":0,"23":0},"f":{"0":0,"1":0,"2":0,"3":0,"4":0,"5":0,"6":0,"7":0},"b":{"0":[0,0],"1":[0,0],"2":[0],"3":[0,0],"4":[0,0],"5":[0,0],"6":[0,0],"7":[0,0],"8":[0,0],"9":[0,0],"10":[0,0],"11":[0,0],"12":[0,0]}}
,"C:\\Users\\alexi\\Desktop\\Folders\\Projects\\BAMX\\frontend\\components\\FeaturedRow.tsx": {"path":"C:\\Users\\alexi\\Desktop\\Folders\\Projects\\BAMX\\frontend\\components\\FeaturedRow.tsx","statementMap":{"0":{"start":{"line":30,"column":16},"end":{"line":30,"column":40}},"1":{"start":{"line":31,"column":17},"end":{"line":31,"column":33}},"2":{"start":{"line":32,"column":21},"end":{"line":32,"column":36}},"3":{"start":{"line":33,"column":19},"end":{"line":33,"column":37}},"4":{"start":{"line":35,"column":16},"end":{"line":35,"column":37}},"5":{"start":{"line":36,"column":20},"end":{"line":41,"column":19}},"6":{"start":{"line":37,"column":4},"end":{"line":41,"column":19}},"7":{"start":{"line":42,"column":19},"end":{"line":47,"column":28}},"8":{"start":{"line":43,"column":4},"end":{"line":47,"column":28}},"9":{"start":{"line":51,"column":2},"end":{"line":113,"column":4}},"10":{"start":{"line":69,"column":36},"end":{"line":69,"column":63}},"11":{"start":{"line":70,"column":41},"end":{"line":70,"column":57}},"12":{"start":{"line":81,"column":18},"end":{"line":81,"column":48}},"13":{"start":{"line":82,"column":18},"end":{"line":82,"column":41}},"14":{"start":{"line":116,"column":15},"end":{"line":128,"column":1}},"15":{"start":{"line":117,"column":36},"end":{"line":127,"column":3}}},"fnMap":{"0":{"name":"FeaturedRow","decl":{"start":{"line":29,"column":24},"end":{"line":29,"column":35}},"loc":{"start":{"line":29,"column":77},"end":{"line":114,"column":1}},"line":29},"1":{"name":"(anonymous_1)","decl":{"start":{"line":36,"column":20},"end":{"line":36,"column":21}},"loc":{"start":{"line":37,"column":4},"end":{"line":41,"column":19}},"line":37},"2":{"name":"(anonymous_2)","decl":{"start":{"line":42,"column":19},"end":{"line":42,"column":20}},"loc":{"start":{"line":43,"column":4},"end":{"line":47,"column":28}},"line":43},"3":{"name":"(anonymous_3)","decl":{"start":{"line":69,"column":22},"end":{"line":69,"column":23}},"loc":{"start":{"line":69,"column":36},"end":{"line":69,"column":63}},"line":69},"4":{"name":"(anonymous_4)","decl":{"start":{"line":70,"column":24},"end":{"line":70,"column":25}},"loc":{"start":{"line":70,"column":41},"end":{"line":70,"column":57}},"line":70},"5":{"name":"(anonymous_5)","decl":{"start":{"line":80,"column":25},"end":{"line":80,"column":26}},"loc":{"start":{"line":80,"column":31},"end":{"line":83,"column":17}},"line":80},"6":{"name":"(anonymous_6)","decl":{"start":{"line":117,"column":13},"end":{"line":117,"column":14}},"loc":{"start":{"line":117,"column":36},"end":{"line":127,"column":3}},"line":117}},"branchMap":{"0":{"loc":{"start":{"line":37,"column":4},"end":{"line":41,"column":19}},"type":"cond-expr","locations":[{"start":{"line":38,"column":8},"end":{"line":38,"column":17}},{"start":{"line":39,"column":8},"end":{"line":41,"column":19}}],"line":37},"1":{"loc":{"start":{"line":39,"column":8},"end":{"line":41,"column":19}},"type":"cond-expr","locations":[{"start":{"line":40,"column":10},"end":{"line":40,"column":19}},{"start":{"line":41,"column":10},"end":{"line":41,"column":19}}],"line":39},"2":{"loc":{"start":{"line":43,"column":4},"end":{"line":47,"column":28}},"type":"cond-expr","locations":[{"start":{"line":44,"column":8},"end":{"line":44,"column":17}},{"start":{"line":45,"column":8},"end":{"line":47,"column":28}}],"line":43},"3":{"loc":{"start":{"line":45,"column":8},"end":{"line":47,"column":28}},"type":"cond-expr","locations":[{"start":{"line":46,"column":10},"end":{"line":46,"column":24}},{"start":{"line":47,"column":10},"end":{"line":47,"column":28}}],"line":45},"4":{"loc":{"start":{"line":54,"column":8},"end":{"line":54,"column":38}},"type":"cond-expr","locations":[{"start":{"line":54,"column":16},"end":{"line":54,"column":33}},{"start":{"line":54,"column":36},"end":{"line":54,"column":38}}],"line":54},"5":{"loc":{"start":{"line":77,"column":12},"end":{"line":108,"column":20}},"type":"cond-expr","locations":[{"start":{"line":78,"column":14},"end":{"line":107,"column":33}},{"start":{"line":108,"column":16},"end":{"line":108,"column":20}}],"line":77},"6":{"loc":{"start":{"line":89,"column":23},"end":{"line":89,"column":63}},"type":"cond-expr","locations":[{"start":{"line":89,"column":32},"end":{"line":89,"column":46}},{"start":{"line":89,"column":49},"end":{"line":89,"column":63}}],"line":89},"7":{"loc":{"start":{"line":95,"column":29},"end":{"line":95,"column":55}},"type":"cond-expr","locations":[{"start":{"line":95,"column":38},"end":{"line":95,"column":45}},{"start":{"line":95,"column":48},"end":{"line":95,"column":55}}],"line":95},"8":{"loc":{"start":{"line":101,"column":23},"end":{"line":101,"column":59}},"type":"cond-expr","locations":[{"start":{"line":101,"column":32},"end":{"line":101,"column":44}},{"start":{"line":101,"column":47},"end":{"line":101,"column":59}}],"line":101},"9":{"loc":{"start":{"line":119,"column":6},"end":{"line":123,"column":21}},"type":"cond-expr","locations":[{"start":{"line":120,"column":10},"end":{"line":120,"column":19}},{"start":{"line":121,"column":10},"end":{"line":123,"column":21}}],"line":119},"10":{"loc":{"start":{"line":121,"column":10},"end":{"line":123,"column":21}},"type":"cond-expr","locations":[{"start":{"line":122,"column":12},"end":{"line":122,"column":21}},{"start":{"line":123,"column":12},"end":{"line":123,"column":21}}],"line":121}},"s":{"0":0,"1":0,"2":0,"3":0,"4":0,"5":0,"6":0,"7":0,"8":0,"9":0,"10":0,"11":0,"12":0,"13":0,"14":0,"15":0},"f":{"0":0,"1":0,"2":0,"3":0,"4":0,"5":0,"6":0},"b":{"0":[0,0],"1":[0,0],"2":[0,0],"3":[0,0],"4":[0,0],"5":[0,0],"6":[0,0],"7":[0,0],"8":[0,0],"9":[0,0],"10":[0,0]}}
,"C:\\Users\\alexi\\Desktop\\Folders\\Projects\\BAMX\\frontend\\components\\ProductCard.tsx": {"path":"C:\\Users\\alexi\\Desktop\\Folders\\Projects\\BAMX\\frontend\\components\\ProductCard.tsx","statementMap":{"0":{"start":{"line":23,"column":21},"end":{"line":23,"column":36}},"1":{"start":{"line":24,"column":16},"end":{"line":24,"column":40}},"2":{"start":{"line":25,"column":21},"end":{"line":25,"column":37}},"3":{"start":{"line":27,"column":18},"end":{"line":27,"column":57}},"4":{"start":{"line":29,"column":34},"end":{"line":29,"column":54}},"5":{"start":{"line":30,"column":32},"end":{"line":30,"column":55}},"6":{"start":{"line":32,"column":2},"end":{"line":36,"column":9}},"7":{"start":{"line":33,"column":21},"end":{"line":33,"column":148}},"8":{"start":{"line":34,"column":4},"end":{"line":34,"column":26}},"9":{"start":{"line":35,"column":4},"end":{"line":35,"column":21}},"10":{"start":{"line":39,"column":2},"end":{"line":104,"column":4}},"11":{"start":{"line":51,"column":22},"end":{"line":51,"column":39}},"12":{"start":{"line":75,"column":27},"end":{"line":75,"column":56}},"13":{"start":{"line":107,"column":15},"end":{"line":129,"column":2}},"14":{"start":{"line":131,"column":20},"end":{"line":135,"column":2}},"15":{"start":{"line":131,"column":40},"end":{"line":135,"column":1}},"16":{"start":{"line":137,"column":17},"end":{"line":142,"column":2}},"17":{"start":{"line":137,"column":37},"end":{"line":142,"column":1}}},"fnMap":{"0":{"name":"ProductCard","decl":{"start":{"line":22,"column":24},"end":{"line":22,"column":35}},"loc":{"start":{"line":22,"column":64},"end":{"line":105,"column":1}},"line":22},"1":{"name":"(anonymous_1)","decl":{"start":{"line":32,"column":12},"end":{"line":32,"column":13}},"loc":{"start":{"line":32,"column":18},"end":{"line":36,"column":3}},"line":32},"2":{"name":"(anonymous_2)","decl":{"start":{"line":51,"column":16},"end":{"line":51,"column":17}},"loc":{"start":{"line":51,"column":22},"end":{"line":51,"column":39}},"line":51},"3":{"name":"(anonymous_3)","decl":{"start":{"line":75,"column":21},"end":{"line":75,"column":22}},"loc":{"start":{"line":75,"column":27},"end":{"line":75,"column":56}},"line":75},"4":{"name":"(anonymous_4)","decl":{"start":{"line":88,"column":19},"end":{"line":88,"column":20}},"loc":{"start":{"line":88,"column":25},"end":{"line":88,"column":27}},"line":88},"5":{"name":"(anonymous_5)","decl":{"start":{"line":96,"column":19},"end":{"line":96,"column":20}},"loc":{"start":{"line":96,"column":25},"end":{"line":96,"column":27}},"line":96},"6":{"name":"(anonymous_6)","decl":{"start":{"line":131,"column":20},"end":{"line":131,"column":21}},"loc":{"start":{"line":131,"column":40},"end":{"line":135,"column":1}},"line":131},"7":{"name":"(anonymous_7)","decl":{"start":{"line":137,"column":17},"end":{"line":137,"column":18}},"loc":{"start":{"line":137,"column":37},"end":{"line":142,"column":1}},"line":137}},"branchMap":{"0":{"loc":{"start":{"line":27,"column":18},"end":{"line":27,"column":57}},"type":"cond-expr","locations":[{"start":{"line":27,"column":31},"end":{"line":27,"column":44}},{"start":{"line":27,"column":47},"end":{"line":27,"column":57}}],"line":27},"1":{"loc":{"start":{"line":33,"column":21},"end":{"line":33,"column":148}},"type":"cond-expr","locations":[{"start":{"line":33,"column":34},"end":{"line":33,"column":72}},{"start":{"line":33,"column":75},"end":{"line":33,"column":148}}],"line":33},"2":{"loc":{"start":{"line":45,"column":3},"end":{"line":61,"column":3}},"type":"cond-expr","locations":[{"start":{"line":46,"column":4},"end":{"line":58,"column":7}},{"start":{"line":60,"column":4},"end":{"line":60,"column":45}}],"line":45},"3":{"loc":{"start":{"line":45,"column":3},"end":{"line":45,"column":41}},"type":"binary-expr","locations":[{"start":{"line":45,"column":3},"end":{"line":45,"column":13}},{"start":{"line":45,"column":17},"end":{"line":45,"column":41}}],"line":45},"4":{"loc":{"start":{"line":53,"column":7},"end":{"line":57,"column":7}},"type":"binary-expr","locations":[{"start":{"line":53,"column":7},"end":{"line":53,"column":14}},{"start":{"line":54,"column":8},"end":{"line":56,"column":15}}],"line":53},"5":{"loc":{"start":{"line":68,"column":14},"end":{"line":68,"column":54}},"type":"cond-expr","locations":[{"start":{"line":68,"column":27},"end":{"line":68,"column":39}},{"start":{"line":68,"column":42},"end":{"line":68,"column":54}}],"line":68},"6":{"loc":{"start":{"line":132,"column":19},"end":{"line":132,"column":47}},"type":"cond-expr","locations":[{"start":{"line":132,"column":26},"end":{"line":132,"column":35}},{"start":{"line":132,"column":38},"end":{"line":132,"column":47}}],"line":132}},"s":{"0":16,"1":16,"2":16,"3":16,"4":16,"5":16,"6":16,"7":8,"8":8,"9":8,"10":16,"11":0,"12":1,"13":1,"14":1,"15":32,"16":1,"17":32},"f":{"0":16,"1":8,"2":0,"3":1,"4":1,"5":1,"6":32,"7":32},"b":{"0":[2,14],"1":[7,1],"2":[14,2],"3":[16,14],"4":[14,14],"5":[2,14],"6":[16,16]},"_coverageSchema":"1a1c01bbd47fc00a2c39e90264f33305004495a9","hash":"837c767f577ded8a297743d03611a20b39421a5e"}
,"C:\\Users\\alexi\\Desktop\\Folders\\Projects\\BAMX\\frontend\\components\\ProductList.tsx": {"path":"C:\\Users\\alexi\\Desktop\\Folders\\Projects\\BAMX\\frontend\\components\\ProductList.tsx","statementMap":{"0":{"start":{"line":18,"column":48},"end":{"line":18,"column":70}},"1":{"start":{"line":20,"column":23},"end":{"line":26,"column":3}},"2":{"start":{"line":21,"column":4},"end":{"line":25,"column":5}},"3":{"start":{"line":22,"column":6},"end":{"line":22,"column":69}},"4":{"start":{"line":22,"column":55},"end":{"line":22,"column":66}},"5":{"start":{"line":24,"column":6},"end":{"line":24,"column":54}},"6":{"start":{"line":28,"column":2},"end":{"line":30,"column":13}},"7":{"start":{"line":29,"column":4},"end":{"line":29,"column":29}},"8":{"start":{"line":32,"column":2},"end":{"line":34,"column":24}},"9":{"start":{"line":33,"column":4},"end":{"line":33,"column":32}},"10":{"start":{"line":36,"column":2},"end":{"line":50,"column":4}},"11":{"start":{"line":39,"column":8},"end":{"line":47,"column":10}}},"fnMap":{"0":{"name":"ProductList","decl":{"start":{"line":13,"column":24},"end":{"line":13,"column":35}},"loc":{"start":{"line":17,"column":21},"end":{"line":51,"column":1}},"line":17},"1":{"name":"(anonymous_1)","decl":{"start":{"line":20,"column":23},"end":{"line":20,"column":24}},"loc":{"start":{"line":20,"column":42},"end":{"line":26,"column":3}},"line":20},"2":{"name":"(anonymous_2)","decl":{"start":{"line":22,"column":48},"end":{"line":22,"column":49}},"loc":{"start":{"line":22,"column":55},"end":{"line":22,"column":66}},"line":22},"3":{"name":"(anonymous_3)","decl":{"start":{"line":28,"column":12},"end":{"line":28,"column":13}},"loc":{"start":{"line":28,"column":18},"end":{"line":30,"column":3}},"line":28},"4":{"name":"(anonymous_4)","decl":{"start":{"line":32,"column":12},"end":{"line":32,"column":13}},"loc":{"start":{"line":32,"column":18},"end":{"line":34,"column":3}},"line":32},"5":{"name":"(anonymous_5)","decl":{"start":{"line":38,"column":21},"end":{"line":38,"column":22}},"loc":{"start":{"line":39,"column":8},"end":{"line":47,"column":10}},"line":39}},"branchMap":{"0":{"loc":{"start":{"line":21,"column":4},"end":{"line":25,"column":5}},"type":"if","locations":[{"start":{"line":21,"column":4},"end":{"line":25,"column":5}},{"start":{"line":23,"column":11},"end":{"line":25,"column":5}}],"line":21}},"s":{"0":0,"1":0,"2":0,"3":0,"4":0,"5":0,"6":0,"7":0,"8":0,"9":0,"10":0,"11":0},"f":{"0":0,"1":0,"2":0,"3":0,"4":0,"5":0},"b":{"0":[0,0]}}
,"C:\\Users\\alexi\\Desktop\\Folders\\Projects\\BAMX\\frontend\\components\\ProductRow.tsx": {"path":"C:\\Users\\alexi\\Desktop\\Folders\\Projects\\BAMX\\frontend\\components\\ProductRow.tsx","statementMap":{"0":{"start":{"line":23,"column":21},"end":{"line":23,"column":36}},"1":{"start":{"line":24,"column":17},"end":{"line":32,"column":3}},"2":{"start":{"line":34,"column":23},"end":{"line":42,"column":1}},"3":{"start":{"line":35,"column":29},"end":{"line":35,"column":56}},"4":{"start":{"line":36,"column":16},"end":{"line":36,"column":46}},"5":{"start":{"line":37,"column":2},"end":{"line":41,"column":5}},"6":{"start":{"line":45,"column":16},"end":{"line":45,"column":26}},"7":{"start":{"line":46,"column":18},"end":{"line":46,"column":41}},"8":{"start":{"line":48,"column":29},"end":{"line":48,"column":60}},"9":{"start":{"line":50,"column":27},"end":{"line":50,"column":78}},"10":{"start":{"line":52,"column":4},"end":{"line":58,"column":5}},"11":{"start":{"line":53,"column":6},"end":{"line":53,"column":23}},"12":{"start":{"line":54,"column":11},"end":{"line":58,"column":5}},"13":{"start":{"line":55,"column":6},"end":{"line":55,"column":27}},"14":{"start":{"line":57,"column":6},"end":{"line":57,"column":23}},"15":{"start":{"line":61,"column":17},"end":{"line":61,"column":60}},"16":{"start":{"line":63,"column":2},"end":{"line":110,"column":4}},"17":{"start":{"line":68,"column":23},"end":{"line":68,"column":72}},"18":{"start":{"line":80,"column":27},"end":{"line":80,"column":59}},"19":{"start":{"line":112,"column":15},"end":{"line":117,"column":2}}},"fnMap":{"0":{"name":"ProductRow","decl":{"start":{"line":17,"column":24},"end":{"line":17,"column":34}},"loc":{"start":{"line":22,"column":20},"end":{"line":111,"column":1}},"line":22},"1":{"name":"(anonymous_1)","decl":{"start":{"line":34,"column":23},"end":{"line":34,"column":24}},"loc":{"start":{"line":34,"column":41},"end":{"line":42,"column":1}},"line":34},"2":{"name":"evaluarFecha","decl":{"start":{"line":44,"column":11},"end":{"line":44,"column":23}},"loc":{"start":{"line":44,"column":47},"end":{"line":59,"column":3}},"line":44},"3":{"name":"(anonymous_3)","decl":{"start":{"line":68,"column":17},"end":{"line":68,"column":18}},"loc":{"start":{"line":68,"column":23},"end":{"line":68,"column":72}},"line":68},"4":{"name":"(anonymous_4)","decl":{"start":{"line":80,"column":21},"end":{"line":80,"column":22}},"loc":{"start":{"line":80,"column":27},"end":{"line":80,"column":59}},"line":80}},"branchMap":{"0":{"loc":{"start":{"line":52,"column":4},"end":{"line":58,"column":5}},"type":"if","locations":[{"start":{"line":52,"column":4},"end":{"line":58,"column":5}},{"start":{"line":54,"column":11},"end":{"line":58,"column":5}}],"line":52},"1":{"loc":{"start":{"line":54,"column":11},"end":{"line":58,"column":5}},"type":"if","locations":[{"start":{"line":54,"column":11},"end":{"line":58,"column":5}},{"start":{"line":56,"column":11},"end":{"line":58,"column":5}}],"line":54},"2":{"loc":{"start":{"line":61,"column":30},"end":{"line":61,"column":59}},"type":"binary-expr","locations":[{"start":{"line":61,"column":30},"end":{"line":61,"column":53}},{"start":{"line":61,"column":57},"end":{"line":61,"column":59}}],"line":61},"3":{"loc":{"start":{"line":73,"column":13},"end":{"line":73,"column":57}},"type":"cond-expr","locations":[{"start":{"line":73,"column":31},"end":{"line":73,"column":44}},{"start":{"line":73,"column":47},"end":{"line":73,"column":57}}],"line":73},"4":{"loc":{"start":{"line":76,"column":17},"end":{"line":76,"column":56}},"type":"cond-expr","locations":[{"start":{"line":76,"column":30},"end":{"line":76,"column":49}},{"start":{"line":76,"column":52},"end":{"line":76,"column":56}}],"line":76},"5":{"loc":{"start":{"line":92,"column":28},"end":{"line":92,"column":57}},"type":"binary-expr","locations":[{"start":{"line":92,"column":28},"end":{"line":92,"column":51}},{"start":{"line":92,"column":55},"end":{"line":92,"column":57}}],"line":92},"6":{"loc":{"start":{"line":95,"column":33},"end":{"line":95,"column":62}},"type":"binary-expr","locations":[{"start":{"line":95,"column":33},"end":{"line":95,"column":56}},{"start":{"line":95,"column":60},"end":{"line":95,"column":62}}],"line":95}},"s":{"0":19,"1":19,"2":19,"3":38,"4":38,"5":38,"6":19,"7":19,"8":19,"9":19,"10":19,"11":16,"12":3,"13":1,"14":2,"15":19,"16":19,"17":1,"18":1,"19":1},"f":{"0":19,"1":38,"2":19,"3":1,"4":1},"b":{"0":[16,3],"1":[1,2],"2":[19,0],"3":[18,1],"4":[1,18],"5":[19,0],"6":[19,0]},"_coverageSchema":"1a1c01bbd47fc00a2c39e90264f33305004495a9","hash":"ea32ef5d09047ac833e2c8eab7db6d5e69df1327"}
,"C:\\Users\\alexi\\Desktop\\Folders\\Projects\\BAMX\\frontend\\components\\Refrigeradores.tsx": {"path":"C:\\Users\\alexi\\Desktop\\Folders\\Projects\\BAMX\\frontend\\components\\Refrigeradores.tsx","statementMap":{"0":{"start":{"line":7,"column":23},"end":{"line":7,"column":48}},"1":{"start":{"line":9,"column":2},"end":{"line":20,"column":4}},"2":{"start":{"line":17,"column":8},"end":{"line":17,"column":58}}},"fnMap":{"0":{"name":"Refrigeradores","decl":{"start":{"line":6,"column":24},"end":{"line":6,"column":38}},"loc":{"start":{"line":6,"column":41},"end":{"line":21,"column":1}},"line":6},"1":{"name":"(anonymous_1)","decl":{"start":{"line":16,"column":24},"end":{"line":16,"column":25}},"loc":{"start":{"line":17,"column":8},"end":{"line":17,"column":58}},"line":17}},"branchMap":{},"s":{"0":0,"1":0,"2":0},"f":{"0":0,"1":0},"b":{}}
,"C:\\Users\\alexi\\Desktop\\Folders\\Projects\\BAMX\\frontend\\components\\SearchHeader.tsx": {"path":"C:\\Users\\alexi\\Desktop\\Folders\\Projects\\BAMX\\frontend\\components\\SearchHeader.tsx","statementMap":{"0":{"start":{"line":34,"column":36},"end":{"line":34,"column":60}},"1":{"start":{"line":35,"column":46},"end":{"line":35,"column":73}},"2":{"start":{"line":36,"column":30},"end":{"line":36,"column":50}},"3":{"start":{"line":37,"column":36},"end":{"line":37,"column":60}},"4":{"start":{"line":38,"column":21},"end":{"line":38,"column":36}},"5":{"start":{"line":39,"column":16},"end":{"line":39,"column":40}},"6":{"start":{"line":40,"column":21},"end":{"line":40,"column":37}},"7":{"start":{"line":41,"column":20},"end":{"line":41,"column":63}},"8":{"start":{"line":42,"column":16},"end":{"line":42,"column":56}},"9":{"start":{"line":44,"column":2},"end":{"line":49,"column":34}},"10":{"start":{"line":45,"column":4},"end":{"line":48,"column":6}},"11":{"start":{"line":51,"column":32},"end":{"line":53,"column":3}},"12":{"start":{"line":52,"column":4},"end":{"line":52,"column":30}},"13":{"start":{"line":54,"column":28},"end":{"line":56,"column":3}},"14":{"start":{"line":55,"column":4},"end":{"line":55,"column":24}},"15":{"start":{"line":58,"column":22},"end":{"line":60,"column":3}},"16":{"start":{"line":59,"column":4},"end":{"line":59,"column":21}},"17":{"start":{"line":62,"column":2},"end":{"line":181,"column":4}},"18":{"start":{"line":82,"column":38},"end":{"line":82,"column":56}},"19":{"start":{"line":103,"column":27},"end":{"line":103,"column":59}},"20":{"start":{"line":114,"column":43},"end":{"line":114,"column":77}},"21":{"start":{"line":167,"column":43},"end":{"line":167,"column":72}},"22":{"start":{"line":184,"column":15},"end":{"line":198,"column":2}},"23":{"start":{"line":200,"column":20},"end":{"line":207,"column":2}},"24":{"start":{"line":200,"column":40},"end":{"line":207,"column":1}}},"fnMap":{"0":{"name":"SearchHeader","decl":{"start":{"line":27,"column":24},"end":{"line":27,"column":36}},"loc":{"start":{"line":33,"column":22},"end":{"line":182,"column":1}},"line":33},"1":{"name":"(anonymous_1)","decl":{"start":{"line":44,"column":12},"end":{"line":44,"column":13}},"loc":{"start":{"line":44,"column":18},"end":{"line":49,"column":3}},"line":44},"2":{"name":"(anonymous_2)","decl":{"start":{"line":51,"column":32},"end":{"line":51,"column":33}},"loc":{"start":{"line":51,"column":52},"end":{"line":53,"column":3}},"line":51},"3":{"name":"(anonymous_3)","decl":{"start":{"line":54,"column":28},"end":{"line":54,"column":29}},"loc":{"start":{"line":54,"column":48},"end":{"line":56,"column":3}},"line":54},"4":{"name":"(anonymous_4)","decl":{"start":{"line":58,"column":22},"end":{"line":58,"column":23}},"loc":{"start":{"line":58,"column":28},"end":{"line":60,"column":3}},"line":58},"5":{"name":"(anonymous_5)","decl":{"start":{"line":82,"column":28},"end":{"line":82,"column":29}},"loc":{"start":{"line":82,"column":38},"end":{"line":82,"column":56}},"line":82},"6":{"name":"(anonymous_6)","decl":{"start":{"line":103,"column":21},"end":{"line":103,"column":22}},"loc":{"start":{"line":103,"column":27},"end":{"line":103,"column":59}},"line":103},"7":{"name":"(anonymous_7)","decl":{"start":{"line":114,"column":37},"end":{"line":114,"column":38}},"loc":{"start":{"line":114,"column":43},"end":{"line":114,"column":77}},"line":114},"8":{"name":"(anonymous_8)","decl":{"start":{"line":167,"column":37},"end":{"line":167,"column":38}},"loc":{"start":{"line":167,"column":43},"end":{"line":167,"column":72}},"line":167},"9":{"name":"(anonymous_9)","decl":{"start":{"line":200,"column":20},"end":{"line":200,"column":21}},"loc":{"start":{"line":200,"column":40},"end":{"line":207,"column":1}},"line":200}},"branchMap":{"0":{"loc":{"start":{"line":41,"column":20},"end":{"line":41,"column":63}},"type":"cond-expr","locations":[{"start":{"line":41,"column":33},"end":{"line":41,"column":48}},{"start":{"line":41,"column":51},"end":{"line":41,"column":63}}],"line":41},"1":{"loc":{"start":{"line":42,"column":16},"end":{"line":42,"column":56}},"type":"cond-expr","locations":[{"start":{"line":42,"column":28},"end":{"line":42,"column":40}},{"start":{"line":42,"column":43},"end":{"line":42,"column":56}}],"line":42},"2":{"loc":{"start":{"line":47,"column":6},"end":{"line":47,"column":69}},"type":"cond-expr","locations":[{"start":{"line":47,"column":37},"end":{"line":47,"column":49}},{"start":{"line":47,"column":52},"end":{"line":47,"column":69}}],"line":47},"3":{"loc":{"start":{"line":76,"column":21},"end":{"line":76,"column":50}},"type":"cond-expr","locations":[{"start":{"line":76,"column":34},"end":{"line":76,"column":41}},{"start":{"line":76,"column":44},"end":{"line":76,"column":50}}],"line":76},"4":{"loc":{"start":{"line":101,"column":15},"end":{"line":101,"column":72}},"type":"cond-expr","locations":[{"start":{"line":101,"column":46},"end":{"line":101,"column":59}},{"start":{"line":101,"column":62},"end":{"line":101,"column":72}}],"line":101},"5":{"loc":{"start":{"line":108,"column":17},"end":{"line":108,"column":76}},"type":"cond-expr","locations":[{"start":{"line":108,"column":50},"end":{"line":108,"column":63}},{"start":{"line":108,"column":66},"end":{"line":108,"column":76}}],"line":108},"6":{"loc":{"start":{"line":118,"column":17},"end":{"line":118,"column":74}},"type":"cond-expr","locations":[{"start":{"line":118,"column":48},"end":{"line":118,"column":61}},{"start":{"line":118,"column":64},"end":{"line":118,"column":74}}],"line":118},"7":{"loc":{"start":{"line":131,"column":19},"end":{"line":131,"column":63}},"type":"cond-expr","locations":[{"start":{"line":131,"column":39},"end":{"line":131,"column":56}},{"start":{"line":131,"column":59},"end":{"line":131,"column":63}}],"line":131},"8":{"loc":{"start":{"line":138,"column":23},"end":{"line":138,"column":53}},"type":"cond-expr","locations":[{"start":{"line":138,"column":36},"end":{"line":138,"column":43}},{"start":{"line":138,"column":46},"end":{"line":138,"column":53}}],"line":138},"9":{"loc":{"start":{"line":148,"column":19},"end":{"line":148,"column":64}},"type":"cond-expr","locations":[{"start":{"line":148,"column":39},"end":{"line":148,"column":57}},{"start":{"line":148,"column":60},"end":{"line":148,"column":64}}],"line":148},"10":{"loc":{"start":{"line":155,"column":23},"end":{"line":155,"column":53}},"type":"cond-expr","locations":[{"start":{"line":155,"column":36},"end":{"line":155,"column":43}},{"start":{"line":155,"column":46},"end":{"line":155,"column":53}}],"line":155},"11":{"loc":{"start":{"line":170,"column":16},"end":{"line":172,"column":45}},"type":"cond-expr","locations":[{"start":{"line":171,"column":20},"end":{"line":171,"column":46}},{"start":{"line":172,"column":20},"end":{"line":172,"column":45}}],"line":170},"12":{"loc":{"start":{"line":201,"column":19},"end":{"line":201,"column":47}},"type":"cond-expr","locations":[{"start":{"line":201,"column":26},"end":{"line":201,"column":35}},{"start":{"line":201,"column":38},"end":{"line":201,"column":47}}],"line":201}},"s":{"0":14,"1":14,"2":14,"3":14,"4":14,"5":14,"6":14,"7":14,"8":14,"9":14,"10":14,"11":14,"12":2,"13":14,"14":1,"15":14,"16":3,"17":14,"18":1,"19":0,"20":2,"21":1,"22":1,"23":1,"24":4},"f":{"0":14,"1":14,"2":2,"3":1,"4":3,"5":1,"6":0,"7":2,"8":1,"9":4},"b":{"0":[1,13],"1":[1,13],"2":[12,2],"3":[1,13],"4":[12,2],"5":[12,2],"6":[2,12],"7":[2,12],"8":[1,13],"9":[2,12],"10":[1,13],"11":[1,13],"12":[2,2]},"_coverageSchema":"1a1c01bbd47fc00a2c39e90264f33305004495a9","hash":"98d692ba56146e0871eccabd30ec0be8cde404c2"}
,"C:\\Users\\alexi\\Desktop\\Folders\\Projects\\BAMX\\frontend\\components\\Semaforo.tsx": {"path":"C:\\Users\\alexi\\Desktop\\Folders\\Projects\\BAMX\\frontend\\components\\Semaforo.tsx","statementMap":{"0":{"start":{"line":12,"column":17},"end":{"line":12,"column":21}},"1":{"start":{"line":13,"column":18},"end":{"line":13,"column":22}},"2":{"start":{"line":14,"column":17},"end":{"line":14,"column":21}},"3":{"start":{"line":16,"column":17},"end":{"line":20,"column":3}},"4":{"start":{"line":23,"column":4},"end":{"line":23,"column":27}},"5":{"start":{"line":26,"column":64},"end":{"line":30,"column":3}},"6":{"start":{"line":34,"column":4},"end":{"line":36,"column":5}},"7":{"start":{"line":35,"column":6},"end":{"line":35,"column":47}},"8":{"start":{"line":38,"column":16},"end":{"line":38,"column":26}},"9":{"start":{"line":39,"column":18},"end":{"line":39,"column":58}},"10":{"start":{"line":41,"column":29},"end":{"line":41,"column":60}},"11":{"start":{"line":43,"column":27},"end":{"line":43,"column":78}},"12":{"start":{"line":45,"column":4},"end":{"line":51,"column":5}},"13":{"start":{"line":46,"column":6},"end":{"line":46,"column":47}},"14":{"start":{"line":47,"column":11},"end":{"line":51,"column":5}},"15":{"start":{"line":48,"column":6},"end":{"line":48,"column":51}},"16":{"start":{"line":50,"column":6},"end":{"line":50,"column":47}},"17":{"start":{"line":54,"column":2},"end":{"line":56,"column":5}},"18":{"start":{"line":55,"column":4},"end":{"line":55,"column":38}},"19":{"start":{"line":59,"column":23},"end":{"line":77,"column":3}},"20":{"start":{"line":64,"column":18},"end":{"line":64,"column":27}},"21":{"start":{"line":65,"column":22},"end":{"line":65,"column":31}},"22":{"start":{"line":66,"column":22},"end":{"line":66,"column":43}},"23":{"start":{"line":67,"column":23},"end":{"line":67,"column":54}},"24":{"start":{"line":69,"column":52},"end":{"line":75,"column":5}},"25":{"start":{"line":76,"column":4},"end":{"line":76,"column":20}},"26":{"start":{"line":79,"column":20},"end":{"line":79,"column":57}},"27":{"start":{"line":81,"column":2},"end":{"line":141,"column":4}},"28":{"start":{"line":130,"column":12},"end":{"line":136,"column":14}},"29":{"start":{"line":144,"column":15},"end":{"line":184,"column":2}}},"fnMap":{"0":{"name":"Semaforo","decl":{"start":{"line":9,"column":24},"end":{"line":9,"column":32}},"loc":{"start":{"line":11,"column":2},"end":{"line":142,"column":1}},"line":11},"1":{"name":"lerp","decl":{"start":{"line":22,"column":11},"end":{"line":22,"column":15}},"loc":{"start":{"line":22,"column":49},"end":{"line":24,"column":3}},"line":22},"2":{"name":"evaluarFechaDelProducto","decl":{"start":{"line":32,"column":11},"end":{"line":32,"column":34}},"loc":{"start":{"line":32,"column":60},"end":{"line":52,"column":3}},"line":32},"3":{"name":"(anonymous_3)","decl":{"start":{"line":54,"column":21},"end":{"line":54,"column":22}},"loc":{"start":{"line":54,"column":35},"end":{"line":56,"column":3}},"line":54},"4":{"name":"(anonymous_4)","decl":{"start":{"line":59,"column":23},"end":{"line":59,"column":24}},"loc":{"start":{"line":63,"column":38},"end":{"line":77,"column":3}},"line":63},"5":{"name":"(anonymous_5)","decl":{"start":{"line":129,"column":22},"end":{"line":129,"column":23}},"loc":{"start":{"line":129,"column":36},"end":{"line":137,"column":11}},"line":129}},"branchMap":{"0":{"loc":{"start":{"line":34,"column":4},"end":{"line":36,"column":5}},"type":"if","locations":[{"start":{"line":34,"column":4},"end":{"line":36,"column":5}},{"start":{},"end":{}}],"line":34},"1":{"loc":{"start":{"line":39,"column":27},"end":{"line":39,"column":57}},"type":"binary-expr","locations":[{"start":{"line":39,"column":27},"end":{"line":39,"column":51}},{"start":{"line":39,"column":55},"end":{"line":39,"column":57}}],"line":39},"2":{"loc":{"start":{"line":45,"column":4},"end":{"line":51,"column":5}},"type":"if","locations":[{"start":{"line":45,"column":4},"end":{"line":51,"column":5}},{"start":{"line":47,"column":11},"end":{"line":51,"column":5}}],"line":45},"3":{"loc":{"start":{"line":47,"column":11},"end":{"line":51,"column":5}},"type":"if","locations":[{"start":{"line":47,"column":11},"end":{"line":51,"column":5}},{"start":{"line":49,"column":11},"end":{"line":51,"column":5}}],"line":47}},"s":{"0":8,"1":8,"2":8,"3":8,"4":8,"5":8,"6":0,"7":0,"8":0,"9":0,"10":0,"11":0,"12":0,"13":0,"14":0,"15":0,"16":0,"17":8,"18":0,"19":8,"20":8,"21":8,"22":8,"23":8,"24":8,"25":8,"26":8,"27":8,"28":24,"29":1},"f":{"0":8,"1":8,"2":0,"3":0,"4":8,"5":24},"b":{"0":[0,0],"1":[0,0],"2":[0,0],"3":[0,0]},"_coverageSchema":"1a1c01bbd47fc00a2c39e90264f33305004495a9","hash":"e03c16532ba86005c7e0d7ee048fa7b0010c2418"}
,"C:\\Users\\alexi\\Desktop\\Folders\\Projects\\BAMX\\frontend\\components\\SideBar.tsx": {"path":"C:\\Users\\alexi\\Desktop\\Folders\\Projects\\BAMX\\frontend\\components\\SideBar.tsx","statementMap":{"0":{"start":{"line":30,"column":16},"end":{"line":30,"column":37}},"1":{"start":{"line":31,"column":16},"end":{"line":31,"column":37}},"2":{"start":{"line":32,"column":28},"end":{"line":32,"column":52}},"3":{"start":{"line":33,"column":16},"end":{"line":33,"column":40}},"4":{"start":{"line":34,"column":17},"end":{"line":34,"column":33}},"5":{"start":{"line":35,"column":23},"end":{"line":35,"column":51}},"6":{"start":{"line":36,"column":22},"end":{"line":36,"column":32}},"7":{"start":{"line":37,"column":14},"end":{"line":37,"column":35}},"8":{"start":{"line":38,"column":16},"end":{"line":51,"column":3}},"9":{"start":{"line":52,"column":14},"end":{"line":52,"column":43}},"10":{"start":{"line":53,"column":14},"end":{"line":53,"column":39}},"11":{"start":{"line":55,"column":30},"end":{"line":58,"column":3}},"12":{"start":{"line":59,"column":19},"end":{"line":59,"column":32}},"13":{"start":{"line":61,"column":2},"end":{"line":75,"column":17}},"14":{"start":{"line":62,"column":31},"end":{"line":72,"column":5}},"15":{"start":{"line":63,"column":6},"end":{"line":71,"column":7}},"16":{"start":{"line":64,"column":30},"end":{"line":64,"column":72}},"17":{"start":{"line":65,"column":8},"end":{"line":68,"column":9}},"18":{"start":{"line":66,"column":33},"end":{"line":66,"column":58}},"19":{"start":{"line":67,"column":10},"end":{"line":67,"column":49}},"20":{"start":{"line":70,"column":8},"end":{"line":70,"column":52}},"21":{"start":{"line":74,"column":4},"end":{"line":74,"column":25}},"22":{"start":{"line":77,"column":15},"end":{"line":77,"column":29}},"23":{"start":{"line":79,"column":2},"end":{"line":241,"column":4}},"24":{"start":{"line":97,"column":25},"end":{"line":97,"column":90}},"25":{"start":{"line":131,"column":31},"end":{"line":131,"column":49}},"26":{"start":{"line":143,"column":31},"end":{"line":143,"column":53}},"27":{"start":{"line":232,"column":31},"end":{"line":232,"column":56}},"28":{"start":{"line":244,"column":15},"end":{"line":250,"column":2}},"29":{"start":{"line":252,"column":26},"end":{"line":254,"column":2}},"30":{"start":{"line":252,"column":48},"end":{"line":254,"column":1}},"31":{"start":{"line":256,"column":17},"end":{"line":260,"column":2}},"32":{"start":{"line":256,"column":39},"end":{"line":260,"column":1}},"33":{"start":{"line":262,"column":15},"end":{"line":273,"column":2}},"34":{"start":{"line":262,"column":66},"end":{"line":273,"column":1}}},"fnMap":{"0":{"name":"SideBar","decl":{"start":{"line":29,"column":24},"end":{"line":29,"column":31}},"loc":{"start":{"line":29,"column":77},"end":{"line":242,"column":1}},"line":29},"1":{"name":"(anonymous_1)","decl":{"start":{"line":61,"column":12},"end":{"line":61,"column":13}},"loc":{"start":{"line":61,"column":18},"end":{"line":75,"column":3}},"line":61},"2":{"name":"(anonymous_2)","decl":{"start":{"line":62,"column":31},"end":{"line":62,"column":32}},"loc":{"start":{"line":62,"column":43},"end":{"line":72,"column":5}},"line":62},"3":{"name":"(anonymous_3)","decl":{"start":{"line":97,"column":19},"end":{"line":97,"column":20}},"loc":{"start":{"line":97,"column":25},"end":{"line":97,"column":90}},"line":97},"4":{"name":"(anonymous_4)","decl":{"start":{"line":131,"column":25},"end":{"line":131,"column":26}},"loc":{"start":{"line":131,"column":31},"end":{"line":131,"column":49}},"line":131},"5":{"name":"(anonymous_5)","decl":{"start":{"line":143,"column":25},"end":{"line":143,"column":26}},"loc":{"start":{"line":143,"column":31},"end":{"line":143,"column":53}},"line":143},"6":{"name":"(anonymous_6)","decl":{"start":{"line":232,"column":25},"end":{"line":232,"column":26}},"loc":{"start":{"line":232,"column":31},"end":{"line":232,"column":56}},"line":232},"7":{"name":"(anonymous_7)","decl":{"start":{"line":252,"column":26},"end":{"line":252,"column":27}},"loc":{"start":{"line":252,"column":48},"end":{"line":254,"column":1}},"line":252},"8":{"name":"(anonymous_8)","decl":{"start":{"line":256,"column":17},"end":{"line":256,"column":18}},"loc":{"start":{"line":256,"column":39},"end":{"line":260,"column":1}},"line":256},"9":{"name":"(anonymous_9)","decl":{"start":{"line":262,"column":15},"end":{"line":262,"column":16}},"loc":{"start":{"line":262,"column":66},"end":{"line":273,"column":1}},"line":262}},"branchMap":{"0":{"loc":{"start":{"line":56,"column":24},"end":{"line":56,"column":61}},"type":"cond-expr","locations":[{"start":{"line":56,"column":33},"end":{"line":56,"column":46}},{"start":{"line":56,"column":49},"end":{"line":56,"column":61}}],"line":56},"1":{"loc":{"start":{"line":57,"column":18},"end":{"line":57,"column":60}},"type":"cond-expr","locations":[{"start":{"line":57,"column":27},"end":{"line":57,"column":42}},{"start":{"line":57,"column":45},"end":{"line":57,"column":60}}],"line":57},"2":{"loc":{"start":{"line":65,"column":8},"end":{"line":68,"column":9}},"type":"if","locations":[{"start":{"line":65,"column":8},"end":{"line":68,"column":9}},{"start":{},"end":{}}],"line":65},"3":{"loc":{"start":{"line":97,"column":25},"end":{"line":97,"column":90}},"type":"cond-expr","locations":[{"start":{"line":97,"column":40},"end":{"line":97,"column":64}},{"start":{"line":97,"column":67},"end":{"line":97,"column":90}}],"line":97},"4":{"loc":{"start":{"line":100,"column":18},"end":{"line":100,"column":60}},"type":"cond-expr","locations":[{"start":{"line":100,"column":33},"end":{"line":100,"column":46}},{"start":{"line":100,"column":49},"end":{"line":100,"column":60}}],"line":100},"5":{"loc":{"start":{"line":102,"column":19},"end":{"line":102,"column":49}},"type":"cond-expr","locations":[{"start":{"line":102,"column":28},"end":{"line":102,"column":37}},{"start":{"line":102,"column":40},"end":{"line":102,"column":49}}],"line":102},"6":{"loc":{"start":{"line":109,"column":15},"end":{"line":109,"column":55}},"type":"cond-expr","locations":[{"start":{"line":109,"column":23},"end":{"line":109,"column":25}},{"start":{"line":109,"column":28},"end":{"line":109,"column":55}}],"line":109},"7":{"loc":{"start":{"line":177,"column":27},"end":{"line":177,"column":57}},"type":"cond-expr","locations":[{"start":{"line":177,"column":36},"end":{"line":177,"column":45}},{"start":{"line":177,"column":48},"end":{"line":177,"column":57}}],"line":177},"8":{"loc":{"start":{"line":196,"column":27},"end":{"line":196,"column":57}},"type":"cond-expr","locations":[{"start":{"line":196,"column":36},"end":{"line":196,"column":45}},{"start":{"line":196,"column":48},"end":{"line":196,"column":57}}],"line":196},"9":{"loc":{"start":{"line":211,"column":17},"end":{"line":211,"column":57}},"type":"cond-expr","locations":[{"start":{"line":211,"column":26},"end":{"line":211,"column":52}},{"start":{"line":211,"column":55},"end":{"line":211,"column":57}}],"line":211},"10":{"loc":{"start":{"line":218,"column":25},"end":{"line":220,"column":109}},"type":"cond-expr","locations":[{"start":{"line":219,"column":24},"end":{"line":219,"column":72}},{"start":{"line":220,"column":24},"end":{"line":220,"column":109}}],"line":218},"11":{"loc":{"start":{"line":227,"column":19},"end":{"line":227,"column":47}},"type":"cond-expr","locations":[{"start":{"line":227,"column":26},"end":{"line":227,"column":35}},{"start":{"line":227,"column":38},"end":{"line":227,"column":47}}],"line":227},"12":{"loc":{"start":{"line":253,"column":19},"end":{"line":253,"column":46}},"type":"cond-expr","locations":[{"start":{"line":253,"column":28},"end":{"line":253,"column":37}},{"start":{"line":253,"column":40},"end":{"line":253,"column":46}}],"line":253},"13":{"loc":{"start":{"line":257,"column":9},"end":{"line":257,"column":39}},"type":"cond-expr","locations":[{"start":{"line":257,"column":18},"end":{"line":257,"column":27}},{"start":{"line":257,"column":30},"end":{"line":257,"column":39}}],"line":257},"14":{"loc":{"start":{"line":263,"column":19},"end":{"line":263,"column":47}},"type":"cond-expr","locations":[{"start":{"line":263,"column":26},"end":{"line":263,"column":35}},{"start":{"line":263,"column":38},"end":{"line":263,"column":47}}],"line":263}},"s":{"0":0,"1":0,"2":0,"3":0,"4":0,"5":0,"6":0,"7":0,"8":0,"9":0,"10":0,"11":0,"12":0,"13":0,"14":0,"15":0,"16":0,"17":0,"18":0,"19":0,"20":0,"21":0,"22":0,"23":0,"24":0,"25":0,"26":0,"27":0,"28":0,"29":0,"30":0,"31":0,"32":0,"33":0,"34":0},"f":{"0":0,"1":0,"2":0,"3":0,"4":0,"5":0,"6":0,"7":0,"8":0,"9":0},"b":{"0":[0,0],"1":[0,0],"2":[0,0],"3":[0,0],"4":[0,0],"5":[0,0],"6":[0,0],"7":[0,0],"8":[0,0],"9":[0,0],"10":[0,0],"11":[0,0],"12":[0,0],"13":[0,0],"14":[0,0]}}
,"C:\\Users\\alexi\\Desktop\\Folders\\Projects\\BAMX\\frontend\\components\\StackedBarChart.tsx": {"path":"C:\\Users\\alexi\\Desktop\\Folders\\Projects\\BAMX\\frontend\\components\\StackedBarChart.tsx","statementMap":{"0":{"start":{"line":21,"column":48},"end":{"line":90,"column":1}},"1":{"start":{"line":30,"column":21},"end":{"line":37,"column":4}},"2":{"start":{"line":31,"column":4},"end":{"line":36,"column":6}},"3":{"start":{"line":39,"column":15},"end":{"line":41,"column":3}},"4":{"start":{"line":40,"column":30},"end":{"line":40,"column":60}},"5":{"start":{"line":40,"column":51},"end":{"line":40,"column":56}},"6":{"start":{"line":43,"column":19},"end":{"line":43,"column":21}},"7":{"start":{"line":44,"column":15},"end":{"line":47,"column":3}},"8":{"start":{"line":49,"column":2},"end":{"line":89,"column":4}},"9":{"start":{"line":64,"column":8},"end":{"line":86,"column":10}},"10":{"start":{"line":71,"column":34},"end":{"line":71,"column":35}},"11":{"start":{"line":72,"column":12},"end":{"line":84,"column":14}}},"fnMap":{"0":{"name":"(anonymous_0)","decl":{"start":{"line":21,"column":48},"end":{"line":21,"column":49}},"loc":{"start":{"line":28,"column":6},"end":{"line":90,"column":1}},"line":28},"1":{"name":"(anonymous_1)","decl":{"start":{"line":30,"column":35},"end":{"line":30,"column":36}},"loc":{"start":{"line":30,"column":54},"end":{"line":37,"column":3}},"line":30},"2":{"name":"(anonymous_2)","decl":{"start":{"line":40,"column":21},"end":{"line":40,"column":22}},"loc":{"start":{"line":40,"column":30},"end":{"line":40,"column":60}},"line":40},"3":{"name":"(anonymous_3)","decl":{"start":{"line":40,"column":41},"end":{"line":40,"column":42}},"loc":{"start":{"line":40,"column":51},"end":{"line":40,"column":56}},"line":40},"4":{"name":"(anonymous_4)","decl":{"start":{"line":63,"column":7},"end":{"line":63,"column":8}},"loc":{"start":{"line":64,"column":8},"end":{"line":86,"column":10}},"line":64},"5":{"name":"(anonymous_5)","decl":{"start":{"line":70,"column":22},"end":{"line":70,"column":23}},"loc":{"start":{"line":70,"column":47},"end":{"line":85,"column":11}},"line":70}},"branchMap":{"0":{"loc":{"start":{"line":25,"column":2},"end":{"line":25,"column":17}},"type":"default-arg","locations":[{"start":{"line":25,"column":13},"end":{"line":25,"column":17}}],"line":25},"1":{"loc":{"start":{"line":27,"column":2},"end":{"line":27,"column":16}},"type":"default-arg","locations":[{"start":{"line":27,"column":11},"end":{"line":27,"column":16}}],"line":27},"2":{"loc":{"start":{"line":54,"column":19},"end":{"line":54,"column":51}},"type":"cond-expr","locations":[{"start":{"line":54,"column":30},"end":{"line":54,"column":39}},{"start":{"line":54,"column":42},"end":{"line":54,"column":51}}],"line":54},"3":{"loc":{"start":{"line":58,"column":19},"end":{"line":58,"column":49}},"type":"cond-expr","locations":[{"start":{"line":58,"column":28},"end":{"line":58,"column":37}},{"start":{"line":58,"column":40},"end":{"line":58,"column":49}}],"line":58},"4":{"loc":{"start":{"line":73,"column":30},"end":{"line":83,"column":29}},"type":"cond-expr","locations":[{"start":{"line":74,"column":18},"end":{"line":77,"column":19}},{"start":{"line":78,"column":18},"end":{"line":83,"column":29}}],"line":73},"5":{"loc":{"start":{"line":78,"column":18},"end":{"line":83,"column":29}},"type":"cond-expr","locations":[{"start":{"line":79,"column":20},"end":{"line":82,"column":21}},{"start":{"line":83,"column":20},"end":{"line":83,"column":29}}],"line":78}},"s":{"0":0,"1":0,"2":0,"3":0,"4":0,"5":0,"6":0,"7":0,"8":0,"9":0,"10":0,"11":0},"f":{"0":0,"1":0,"2":0,"3":0,"4":0,"5":0},"b":{"0":[0],"1":[0],"2":[0,0],"3":[0,0],"4":[0,0],"5":[0,0]}}
,"C:\\Users\\alexi\\Desktop\\Folders\\Projects\\BAMX\\frontend\\screens\\AuthLoadingScreen.tsx": {"path":"C:\\Users\\alexi\\Desktop\\Folders\\Projects\\BAMX\\frontend\\screens\\AuthLoadingScreen.tsx","statementMap":{"0":{"start":{"line":6,"column":2},"end":{"line":6,"column":34}},"1":{"start":{"line":7,"column":2},"end":{"line":11,"column":4}}},"fnMap":{"0":{"name":"AuthLoadingScreen","decl":{"start":{"line":5,"column":24},"end":{"line":5,"column":41}},"loc":{"start":{"line":5,"column":63},"end":{"line":12,"column":1}},"line":5}},"branchMap":{},"s":{"0":0,"1":0},"f":{"0":0},"b":{}}
,"C:\\Users\\alexi\\Desktop\\Folders\\Projects\\BAMX\\frontend\\screens\\AuthScreen.tsx": {"path":"C:\\Users\\alexi\\Desktop\\Folders\\Projects\\BAMX\\frontend\\screens\\AuthScreen.tsx","statementMap":{"0":{"start":{"line":18,"column":34},"end":{"line":18,"column":46}},"1":{"start":{"line":19,"column":34},"end":{"line":19,"column":46}},"2":{"start":{"line":20,"column":32},"end":{"line":20,"column":47}},"3":{"start":{"line":21,"column":30},"end":{"line":27,"column":4}},"4":{"start":{"line":29,"column":22},"end":{"line":67,"column":3}},"5":{"start":{"line":30,"column":27},"end":{"line":33,"column":5}},"6":{"start":{"line":34,"column":4},"end":{"line":36,"column":5}},"7":{"start":{"line":35,"column":6},"end":{"line":35,"column":61}},"8":{"start":{"line":37,"column":4},"end":{"line":39,"column":5}},"9":{"start":{"line":38,"column":6},"end":{"line":38,"column":63}},"10":{"start":{"line":41,"column":4},"end":{"line":44,"column":5}},"11":{"start":{"line":42,"column":6},"end":{"line":42,"column":34}},"12":{"start":{"line":43,"column":6},"end":{"line":43,"column":13}},"13":{"start":{"line":46,"column":4},"end":{"line":66,"column":5}},"14":{"start":{"line":47,"column":6},"end":{"line":47,"column":23}},"15":{"start":{"line":48,"column":6},"end":{"line":51,"column":9}},"16":{"start":{"line":53,"column":6},"end":{"line":53,"column":42}},"17":{"start":{"line":54,"column":6},"end":{"line":54,"column":28}},"18":{"start":{"line":56,"column":6},"end":{"line":56,"column":63}},"19":{"start":{"line":57,"column":6},"end":{"line":57,"column":22}},"20":{"start":{"line":58,"column":6},"end":{"line":58,"column":22}},"21":{"start":{"line":59,"column":6},"end":{"line":62,"column":9}},"22":{"start":{"line":63,"column":6},"end":{"line":63,"column":36}},"23":{"start":{"line":65,"column":6},"end":{"line":65,"column":24}},"24":{"start":{"line":69,"column":2},"end":{"line":115,"column":4}},"25":{"start":{"line":71,"column":21},"end":{"line":71,"column":64}}},"fnMap":{"0":{"name":"AuthScreen","decl":{"start":{"line":17,"column":24},"end":{"line":17,"column":34}},"loc":{"start":{"line":17,"column":37},"end":{"line":116,"column":1}},"line":17},"1":{"name":"(anonymous_1)","decl":{"start":{"line":29,"column":22},"end":{"line":29,"column":23}},"loc":{"start":{"line":29,"column":34},"end":{"line":67,"column":3}},"line":29},"2":{"name":"(anonymous_2)","decl":{"start":{"line":71,"column":15},"end":{"line":71,"column":16}},"loc":{"start":{"line":71,"column":21},"end":{"line":71,"column":64}},"line":71}},"branchMap":{"0":{"loc":{"start":{"line":34,"column":4},"end":{"line":36,"column":5}},"type":"if","locations":[{"start":{"line":34,"column":4},"end":{"line":36,"column":5}},{"start":{},"end":{}}],"line":34},"1":{"loc":{"start":{"line":37,"column":4},"end":{"line":39,"column":5}},"type":"if","locations":[{"start":{"line":37,"column":4},"end":{"line":39,"column":5}},{"start":{},"end":{}}],"line":37},"2":{"loc":{"start":{"line":41,"column":4},"end":{"line":44,"column":5}},"type":"if","locations":[{"start":{"line":41,"column":4},"end":{"line":44,"column":5}},{"start":{},"end":{}}],"line":41},"3":{"loc":{"start":{"line":41,"column":8},"end":{"line":41,"column":62}},"type":"binary-expr","locations":[{"start":{"line":41,"column":8},"end":{"line":41,"column":33}},{"start":{"line":41,"column":37},"end":{"line":41,"column":62}}],"line":41},"4":{"loc":{"start":{"line":71,"column":21},"end":{"line":71,"column":64}},"type":"binary-expr","locations":[{"start":{"line":71,"column":21},"end":{"line":71,"column":42}},{"start":{"line":71,"column":46},"end":{"line":71,"column":64}}],"line":71},"5":{"loc":{"start":{"line":74,"column":18},"end":{"line":74,"column":62}},"type":"cond-expr","locations":[{"start":{"line":74,"column":42},"end":{"line":74,"column":51}},{"start":{"line":74,"column":54},"end":{"line":74,"column":62}}],"line":74},"6":{"loc":{"start":{"line":78,"column":11},"end":{"line":78,"column":56}},"type":"binary-expr","locations":[{"start":{"line":78,"column":11},"end":{"line":78,"column":18}},{"start":{"line":78,"column":22},"end":{"line":78,"column":56}}],"line":78},"7":{"loc":{"start":{"line":92,"column":13},"end":{"line":94,"column":13}},"type":"binary-expr","locations":[{"start":{"line":92,"column":13},"end":{"line":92,"column":28}},{"start":{"line":93,"column":14},"end":{"line":93,"column":69}}],"line":92},"8":{"loc":{"start":{"line":103,"column":13},"end":{"line":105,"column":13}},"type":"binary-expr","locations":[{"start":{"line":103,"column":13},"end":{"line":103,"column":28}},{"start":{"line":104,"column":14},"end":{"line":104,"column":69}}],"line":103},"9":{"loc":{"start":{"line":107,"column":21},"end":{"line":107,"column":63}},"type":"cond-expr","locations":[{"start":{"line":107,"column":31},"end":{"line":107,"column":44}},{"start":{"line":107,"column":47},"end":{"line":107,"column":63}}],"line":107}},"s":{"0":0,"1":0,"2":0,"3":0,"4":0,"5":0,"6":0,"7":0,"8":0,"9":0,"10":0,"11":0,"12":0,"13":0,"14":0,"15":0,"16":0,"17":0,"18":0,"19":0,"20":0,"21":0,"22":0,"23":0,"24":0,"25":0},"f":{"0":0,"1":0,"2":0},"b":{"0":[0,0],"1":[0,0],"2":[0,0],"3":[0,0],"4":[0,0],"5":[0,0],"6":[0,0],"7":[0,0],"8":[0,0],"9":[0,0]}}
,"C:\\Users\\alexi\\Desktop\\Folders\\Projects\\BAMX\\frontend\\screens\\DetailsScreen.tsx": {"path":"C:\\Users\\alexi\\Desktop\\Folders\\Projects\\BAMX\\frontend\\screens\\DetailsScreen.tsx","statementMap":{"0":{"start":{"line":7,"column":21},"end":{"line":9,"column":3}},"1":{"start":{"line":10,"column":16},"end":{"line":10,"column":83}},"2":{"start":{"line":11,"column":21},"end":{"line":11,"column":36}},"3":{"start":{"line":12,"column":2},"end":{"line":36,"column":4}},"4":{"start":{"line":16,"column":23},"end":{"line":16,"column":42}},"5":{"start":{"line":39,"column":15},"end":{"line":78,"column":2}}},"fnMap":{"0":{"name":"DetailsScreen","decl":{"start":{"line":6,"column":24},"end":{"line":6,"column":37}},"loc":{"start":{"line":6,"column":40},"end":{"line":37,"column":1}},"line":6},"1":{"name":"(anonymous_1)","decl":{"start":{"line":16,"column":17},"end":{"line":16,"column":18}},"loc":{"start":{"line":16,"column":23},"end":{"line":16,"column":42}},"line":16}},"branchMap":{"0":{"loc":{"start":{"line":10,"column":16},"end":{"line":10,"column":83}},"type":"binary-expr","locations":[{"start":{"line":10,"column":17},"end":{"line":10,"column":45}},{"start":{"line":10,"column":51},"end":{"line":10,"column":82}}],"line":10},"1":{"loc":{"start":{"line":22,"column":28},"end":{"line":23,"column":79}},"type":"cond-expr","locations":[{"start":{"line":22,"column":44},"end":{"line":22,"column":85}},{"start":{"line":23,"column":6},"end":{"line":23,"column":79}}],"line":22},"2":{"loc":{"start":{"line":28,"column":30},"end":{"line":28,"column":62}},"type":"binary-expr","locations":[{"start":{"line":28,"column":30},"end":{"line":28,"column":53}},{"start":{"line":28,"column":57},"end":{"line":28,"column":62}}],"line":28}},"s":{"0":0,"1":0,"2":0,"3":0,"4":0,"5":0},"f":{"0":0,"1":0},"b":{"0":[0,0],"1":[0,0],"2":[0,0]}}
,"C:\\Users\\alexi\\Desktop\\Folders\\Projects\\BAMX\\frontend\\screens\\HomeScreen.tsx": {"path":"C:\\Users\\alexi\\Desktop\\Folders\\Projects\\BAMX\\frontend\\screens\\HomeScreen.tsx","statementMap":{"0":{"start":{"line":12,"column":16},"end":{"line":12,"column":40}},"1":{"start":{"line":13,"column":17},"end":{"line":13,"column":33}},"2":{"start":{"line":14,"column":16},"end":{"line":14,"column":37}},"3":{"start":{"line":15,"column":30},"end":{"line":18,"column":3}},"4":{"start":{"line":19,"column":28},"end":{"line":19,"column":48}},"5":{"start":{"line":21,"column":28},"end":{"line":23,"column":3}},"6":{"start":{"line":22,"column":4},"end":{"line":22,"column":23}},"7":{"start":{"line":24,"column":19},"end":{"line":24,"column":37}},"8":{"start":{"line":27,"column":2},"end":{"line":42,"column":4}}},"fnMap":{"0":{"name":"HomeScreen","decl":{"start":{"line":11,"column":24},"end":{"line":11,"column":34}},"loc":{"start":{"line":11,"column":37},"end":{"line":43,"column":1}},"line":11},"1":{"name":"(anonymous_1)","decl":{"start":{"line":21,"column":28},"end":{"line":21,"column":29}},"loc":{"start":{"line":21,"column":50},"end":{"line":23,"column":3}},"line":21}},"branchMap":{"0":{"loc":{"start":{"line":16,"column":24},"end":{"line":16,"column":61}},"type":"cond-expr","locations":[{"start":{"line":16,"column":33},"end":{"line":16,"column":46}},{"start":{"line":16,"column":49},"end":{"line":16,"column":61}}],"line":16},"1":{"loc":{"start":{"line":17,"column":18},"end":{"line":17,"column":60}},"type":"cond-expr","locations":[{"start":{"line":17,"column":27},"end":{"line":17,"column":42}},{"start":{"line":17,"column":45},"end":{"line":17,"column":60}}],"line":17},"2":{"loc":{"start":{"line":34,"column":14},"end":{"line":34,"column":58}},"type":"cond-expr","locations":[{"start":{"line":34,"column":22},"end":{"line":34,"column":53}},{"start":{"line":34,"column":56},"end":{"line":34,"column":58}}],"line":34},"3":{"loc":{"start":{"line":38,"column":11},"end":{"line":38,"column":88}},"type":"cond-expr","locations":[{"start":{"line":38,"column":34},"end":{"line":38,"column":67}},{"start":{"line":38,"column":70},"end":{"line":38,"column":88}}],"line":38}},"s":{"0":0,"1":0,"2":0,"3":0,"4":0,"5":0,"6":0,"7":0,"8":0},"f":{"0":0,"1":0},"b":{"0":[0,0],"1":[0,0],"2":[0,0],"3":[0,0]}}
,"C:\\Users\\alexi\\Desktop\\Folders\\Projects\\BAMX\\frontend\\screens\\InventoryScreen.tsx": {"path":"C:\\Users\\alexi\\Desktop\\Folders\\Projects\\BAMX\\frontend\\screens\\InventoryScreen.tsx","statementMap":{"0":{"start":{"line":20,"column":16},"end":{"line":20,"column":40}},"1":{"start":{"line":21,"column":17},"end":{"line":21,"column":33}},"2":{"start":{"line":22,"column":16},"end":{"line":22,"column":37}},"3":{"start":{"line":23,"column":30},"end":{"line":26,"column":3}},"4":{"start":{"line":28,"column":34},"end":{"line":28,"column":63}},"5":{"start":{"line":29,"column":28},"end":{"line":29,"column":40}},"6":{"start":{"line":30,"column":48},"end":{"line":32,"column":3}},"7":{"start":{"line":34,"column":23},"end":{"line":48,"column":3}},"8":{"start":{"line":35,"column":4},"end":{"line":35,"column":22}},"9":{"start":{"line":36,"column":24},"end":{"line":36,"column":42}},"10":{"start":{"line":37,"column":4},"end":{"line":37,"column":26}},"11":{"start":{"line":38,"column":21},"end":{"line":45,"column":6}},"12":{"start":{"line":39,"column":31},"end":{"line":39,"column":56}},"13":{"start":{"line":40,"column":6},"end":{"line":44,"column":8}},"14":{"start":{"line":47,"column":4},"end":{"line":47,"column":33}},"15":{"start":{"line":50,"column":25},"end":{"line":50,"column":26}},"16":{"start":{"line":53,"column":19},"end":{"line":53,"column":54}},"17":{"start":{"line":54,"column":16},"end":{"line":54,"column":39}},"18":{"start":{"line":55,"column":4},"end":{"line":55,"column":46}},"19":{"start":{"line":59,"column":4},"end":{"line":61,"column":5}},"20":{"start":{"line":60,"column":6},"end":{"line":60,"column":42}},"21":{"start":{"line":62,"column":28},"end":{"line":62,"column":59}},"22":{"start":{"line":63,"column":4},"end":{"line":63,"column":27}},"23":{"start":{"line":67,"column":4},"end":{"line":67,"column":62}},"24":{"start":{"line":70,"column":32},"end":{"line":70,"column":54}},"25":{"start":{"line":72,"column":2},"end":{"line":82,"column":24}},"26":{"start":{"line":73,"column":21},"end":{"line":73,"column":42}},"27":{"start":{"line":75,"column":33},"end":{"line":75,"column":35}},"28":{"start":{"line":76,"column":4},"end":{"line":80,"column":5}},"29":{"start":{"line":77,"column":6},"end":{"line":79,"column":7}},"30":{"start":{"line":77,"column":19},"end":{"line":77,"column":20}},"31":{"start":{"line":78,"column":8},"end":{"line":78,"column":31}},"32":{"start":{"line":81,"column":4},"end":{"line":81,"column":27}},"33":{"start":{"line":84,"column":30},"end":{"line":84,"column":41}},"34":{"start":{"line":85,"column":30},"end":{"line":85,"column":41}},"35":{"start":{"line":86,"column":26},"end":{"line":88,"column":3}},"36":{"start":{"line":90,"column":19},"end":{"line":95,"column":3}},"37":{"start":{"line":91,"column":4},"end":{"line":94,"column":5}},"38":{"start":{"line":92,"column":6},"end":{"line":92,"column":36}},"39":{"start":{"line":92,"column":26},"end":{"line":92,"column":34}},"40":{"start":{"line":93,"column":6},"end":{"line":93,"column":36}},"41":{"start":{"line":93,"column":26},"end":{"line":93,"column":34}},"42":{"start":{"line":97,"column":19},"end":{"line":100,"column":3}},"43":{"start":{"line":98,"column":4},"end":{"line":98,"column":34}},"44":{"start":{"line":98,"column":24},"end":{"line":98,"column":32}},"45":{"start":{"line":99,"column":4},"end":{"line":99,"column":34}},"46":{"start":{"line":99,"column":24},"end":{"line":99,"column":32}},"47":{"start":{"line":102,"column":2},"end":{"line":111,"column":32}},"48":{"start":{"line":103,"column":4},"end":{"line":110,"column":5}},"49":{"start":{"line":104,"column":6},"end":{"line":104,"column":19}},"50":{"start":{"line":105,"column":6},"end":{"line":105,"column":19}},"51":{"start":{"line":106,"column":11},"end":{"line":110,"column":5}},"52":{"start":{"line":107,"column":6},"end":{"line":107,"column":37}},"53":{"start":{"line":109,"column":6},"end":{"line":109,"column":45}},"54":{"start":{"line":113,"column":22},"end":{"line":113,"column":34}},"55":{"start":{"line":114,"column":24},"end":{"line":116,"column":3}},"56":{"start":{"line":115,"column":4},"end":{"line":115,"column":19}},"57":{"start":{"line":118,"column":32},"end":{"line":118,"column":44}},"58":{"start":{"line":120,"column":23},"end":{"line":122,"column":3}},"59":{"start":{"line":121,"column":4},"end":{"line":121,"column":24}},"60":{"start":{"line":125,"column":22},"end":{"line":136,"column":3}},"61":{"start":{"line":126,"column":23},"end":{"line":134,"column":6}},"62":{"start":{"line":127,"column":20},"end":{"line":129,"column":17}},"63":{"start":{"line":130,"column":20},"end":{"line":132,"column":17}},"64":{"start":{"line":133,"column":6},"end":{"line":133,"column":51}},"65":{"start":{"line":135,"column":4},"end":{"line":135,"column":35}},"66":{"start":{"line":138,"column":46},"end":{"line":138,"column":65}},"67":{"start":{"line":139,"column":23},"end":{"line":141,"column":3}},"68":{"start":{"line":140,"column":4},"end":{"line":140,"column":31}},"69":{"start":{"line":142,"column":2},"end":{"line":145,"column":4}},"70":{"start":{"line":143,"column":10},"end":{"line":143,"column":51}},"71":{"start":{"line":147,"column":2},"end":{"line":230,"column":4}},"72":{"start":{"line":156,"column":25},"end":{"line":156,"column":68}},"73":{"start":{"line":191,"column":22},"end":{"line":204,"column":24}},"74":{"start":{"line":200,"column":41},"end":{"line":200,"column":58}}},"fnMap":{"0":{"name":"InventoryScreen","decl":{"start":{"line":19,"column":24},"end":{"line":19,"column":39}},"loc":{"start":{"line":19,"column":42},"end":{"line":231,"column":1}},"line":19},"1":{"name":"(anonymous_1)","decl":{"start":{"line":34,"column":23},"end":{"line":34,"column":24}},"loc":{"start":{"line":34,"column":41},"end":{"line":48,"column":3}},"line":34},"2":{"name":"(anonymous_2)","decl":{"start":{"line":38,"column":37},"end":{"line":38,"column":38}},"loc":{"start":{"line":38,"column":47},"end":{"line":45,"column":5}},"line":38},"3":{"name":"obtenerProductosPorPagina","decl":{"start":{"line":52,"column":11},"end":{"line":52,"column":36}},"loc":{"start":{"line":52,"column":59},"end":{"line":56,"column":3}},"line":52},"4":{"name":"showProducts","decl":{"start":{"line":58,"column":11},"end":{"line":58,"column":23}},"loc":{"start":{"line":58,"column":38},"end":{"line":64,"column":3}},"line":58},"5":{"name":"obtenerTotalPaginas","decl":{"start":{"line":66,"column":11},"end":{"line":66,"column":30}},"loc":{"start":{"line":66,"column":33},"end":{"line":68,"column":3}},"line":66},"6":{"name":"(anonymous_6)","decl":{"start":{"line":72,"column":12},"end":{"line":72,"column":13}},"loc":{"start":{"line":72,"column":18},"end":{"line":82,"column":3}},"line":72},"7":{"name":"(anonymous_7)","decl":{"start":{"line":90,"column":19},"end":{"line":90,"column":20}},"loc":{"start":{"line":90,"column":25},"end":{"line":95,"column":3}},"line":90},"8":{"name":"(anonymous_8)","decl":{"start":{"line":92,"column":16},"end":{"line":92,"column":17}},"loc":{"start":{"line":92,"column":26},"end":{"line":92,"column":34}},"line":92},"9":{"name":"(anonymous_9)","decl":{"start":{"line":93,"column":16},"end":{"line":93,"column":17}},"loc":{"start":{"line":93,"column":26},"end":{"line":93,"column":34}},"line":93},"10":{"name":"(anonymous_10)","decl":{"start":{"line":97,"column":19},"end":{"line":97,"column":20}},"loc":{"start":{"line":97,"column":25},"end":{"line":100,"column":3}},"line":97},"11":{"name":"(anonymous_11)","decl":{"start":{"line":98,"column":14},"end":{"line":98,"column":15}},"loc":{"start":{"line":98,"column":24},"end":{"line":98,"column":32}},"line":98},"12":{"name":"(anonymous_12)","decl":{"start":{"line":99,"column":14},"end":{"line":99,"column":15}},"loc":{"start":{"line":99,"column":24},"end":{"line":99,"column":32}},"line":99},"13":{"name":"(anonymous_13)","decl":{"start":{"line":102,"column":12},"end":{"line":102,"column":13}},"loc":{"start":{"line":102,"column":18},"end":{"line":111,"column":3}},"line":102},"14":{"name":"(anonymous_14)","decl":{"start":{"line":114,"column":24},"end":{"line":114,"column":25}},"loc":{"start":{"line":114,"column":42},"end":{"line":116,"column":3}},"line":114},"15":{"name":"(anonymous_15)","decl":{"start":{"line":120,"column":23},"end":{"line":120,"column":24}},"loc":{"start":{"line":120,"column":41},"end":{"line":122,"column":3}},"line":120},"16":{"name":"(anonymous_16)","decl":{"start":{"line":125,"column":22},"end":{"line":125,"column":23}},"loc":{"start":{"line":125,"column":58},"end":{"line":136,"column":3}},"line":125},"17":{"name":"(anonymous_17)","decl":{"start":{"line":126,"column":49},"end":{"line":126,"column":50}},"loc":{"start":{"line":126,"column":89},"end":{"line":134,"column":5}},"line":126},"18":{"name":"(anonymous_18)","decl":{"start":{"line":139,"column":23},"end":{"line":139,"column":24}},"loc":{"start":{"line":139,"column":44},"end":{"line":141,"column":3}},"line":139},"19":{"name":"(anonymous_19)","decl":{"start":{"line":143,"column":4},"end":{"line":143,"column":5}},"loc":{"start":{"line":143,"column":10},"end":{"line":143,"column":51}},"line":143},"20":{"name":"(anonymous_20)","decl":{"start":{"line":156,"column":19},"end":{"line":156,"column":20}},"loc":{"start":{"line":156,"column":25},"end":{"line":156,"column":68}},"line":156},"21":{"name":"(anonymous_21)","decl":{"start":{"line":190,"column":30},"end":{"line":190,"column":31}},"loc":{"start":{"line":190,"column":46},"end":{"line":205,"column":21}},"line":190},"22":{"name":"(anonymous_22)","decl":{"start":{"line":200,"column":35},"end":{"line":200,"column":36}},"loc":{"start":{"line":200,"column":41},"end":{"line":200,"column":58}},"line":200}},"branchMap":{"0":{"loc":{"start":{"line":24,"column":24},"end":{"line":24,"column":61}},"type":"cond-expr","locations":[{"start":{"line":24,"column":33},"end":{"line":24,"column":46}},{"start":{"line":24,"column":49},"end":{"line":24,"column":61}}],"line":24},"1":{"loc":{"start":{"line":25,"column":18},"end":{"line":25,"column":60}},"type":"cond-expr","locations":[{"start":{"line":25,"column":27},"end":{"line":25,"column":42}},{"start":{"line":25,"column":45},"end":{"line":25,"column":60}}],"line":25},"2":{"loc":{"start":{"line":31,"column":4},"end":{"line":31,"column":39}},"type":"cond-expr","locations":[{"start":{"line":31,"column":26},"end":{"line":31,"column":34}},{"start":{"line":31,"column":37},"end":{"line":31,"column":39}}],"line":31},"3":{"loc":{"start":{"line":41,"column":8},"end":{"line":43,"column":64}},"type":"binary-expr","locations":[{"start":{"line":41,"column":8},"end":{"line":41,"column":66}},{"start":{"line":42,"column":8},"end":{"line":42,"column":59}},{"start":{"line":43,"column":8},"end":{"line":43,"column":64}}],"line":41},"4":{"loc":{"start":{"line":59,"column":4},"end":{"line":61,"column":5}},"type":"if","locations":[{"start":{"line":59,"column":4},"end":{"line":61,"column":5}},{"start":{},"end":{}}],"line":59},"5":{"loc":{"start":{"line":76,"column":4},"end":{"line":80,"column":5}},"type":"if","locations":[{"start":{"line":76,"column":4},"end":{"line":80,"column":5}},{"start":{},"end":{}}],"line":76},"6":{"loc":{"start":{"line":87,"column":4},"end":{"line":87,"column":65}},"type":"cond-expr","locations":[{"start":{"line":87,"column":26},"end":{"line":87,"column":55}},{"start":{"line":87,"column":58},"end":{"line":87,"column":65}}],"line":87},"7":{"loc":{"start":{"line":91,"column":4},"end":{"line":94,"column":5}},"type":"if","locations":[{"start":{"line":91,"column":4},"end":{"line":94,"column":5}},{"start":{},"end":{}}],"line":91},"8":{"loc":{"start":{"line":103,"column":4},"end":{"line":110,"column":5}},"type":"if","locations":[{"start":{"line":103,"column":4},"end":{"line":110,"column":5}},{"start":{"line":106,"column":11},"end":{"line":110,"column":5}}],"line":103},"9":{"loc":{"start":{"line":106,"column":11},"end":{"line":110,"column":5}},"type":"if","locations":[{"start":{"line":106,"column":11},"end":{"line":110,"column":5}},{"start":{"line":108,"column":11},"end":{"line":110,"column":5}}],"line":106},"10":{"loc":{"start":{"line":128,"column":8},"end":{"line":128,"column":62}},"type":"binary-expr","locations":[{"start":{"line":128,"column":8},"end":{"line":128,"column":56}},{"start":{"line":128,"column":60},"end":{"line":128,"column":62}}],"line":128},"11":{"loc":{"start":{"line":131,"column":8},"end":{"line":131,"column":62}},"type":"binary-expr","locations":[{"start":{"line":131,"column":8},"end":{"line":131,"column":56}},{"start":{"line":131,"column":60},"end":{"line":131,"column":62}}],"line":131},"12":{"loc":{"start":{"line":133,"column":13},"end":{"line":133,"column":50}},"type":"cond-expr","locations":[{"start":{"line":133,"column":21},"end":{"line":133,"column":34}},{"start":{"line":133,"column":37},"end":{"line":133,"column":50}}],"line":133},"13":{"loc":{"start":{"line":152,"column":18},"end":{"line":152,"column":62}},"type":"cond-expr","locations":[{"start":{"line":152,"column":42},"end":{"line":152,"column":51}},{"start":{"line":152,"column":54},"end":{"line":152,"column":62}}],"line":152},"14":{"loc":{"start":{"line":156,"column":25},"end":{"line":156,"column":68}},"type":"binary-expr","locations":[{"start":{"line":156,"column":25},"end":{"line":156,"column":46}},{"start":{"line":156,"column":50},"end":{"line":156,"column":68}}],"line":156},"15":{"loc":{"start":{"line":161,"column":40},"end":{"line":161,"column":70}},"type":"cond-expr","locations":[{"start":{"line":161,"column":48},"end":{"line":161,"column":65}},{"start":{"line":161,"column":68},"end":{"line":161,"column":70}}],"line":161},"16":{"loc":{"start":{"line":179,"column":17},"end":{"line":223,"column":17}},"type":"binary-expr","locations":[{"start":{"line":179,"column":17},"end":{"line":179,"column":32}},{"start":{"line":180,"column":18},"end":{"line":222,"column":25}}],"line":179},"17":{"loc":{"start":{"line":181,"column":21},"end":{"line":188,"column":21}},"type":"binary-expr","locations":[{"start":{"line":181,"column":21},"end":{"line":181,"column":31}},{"start":{"line":182,"column":22},"end":{"line":187,"column":41}}],"line":181},"18":{"loc":{"start":{"line":196,"column":29},"end":{"line":198,"column":46}},"type":"cond-expr","locations":[{"start":{"line":197,"column":32},"end":{"line":197,"column":46}},{"start":{"line":198,"column":32},"end":{"line":198,"column":46}}],"line":196},"19":{"loc":{"start":{"line":207,"column":21},"end":{"line":221,"column":21}},"type":"binary-expr","locations":[{"start":{"line":207,"column":21},"end":{"line":207,"column":44}},{"start":{"line":208,"column":22},"end":{"line":220,"column":25}}],"line":207}},"s":{"0":0,"1":0,"2":0,"3":0,"4":0,"5":0,"6":0,"7":0,"8":0,"9":0,"10":0,"11":0,"12":0,"13":0,"14":0,"15":0,"16":0,"17":0,"18":0,"19":0,"20":0,"21":0,"22":0,"23":0,"24":0,"25":0,"26":0,"27":0,"28":0,"29":0,"30":0,"31":0,"32":0,"33":0,"34":0,"35":0,"36":0,"37":0,"38":0,"39":0,"40":0,"41":0,"42":0,"43":0,"44":0,"45":0,"46":0,"47":0,"48":0,"49":0,"50":0,"51":0,"52":0,"53":0,"54":0,"55":0,"56":0,"57":0,"58":0,"59":0,"60":0,"61":0,"62":0,"63":0,"64":0,"65":0,"66":0,"67":0,"68":0,"69":0,"70":0,"71":0,"72":0,"73":0,"74":0},"f":{"0":0,"1":0,"2":0,"3":0,"4":0,"5":0,"6":0,"7":0,"8":0,"9":0,"10":0,"11":0,"12":0,"13":0,"14":0,"15":0,"16":0,"17":0,"18":0,"19":0,"20":0,"21":0,"22":0},"b":{"0":[0,0],"1":[0,0],"2":[0,0],"3":[0,0,0],"4":[0,0],"5":[0,0],"6":[0,0],"7":[0,0],"8":[0,0],"9":[0,0],"10":[0,0],"11":[0,0],"12":[0,0],"13":[0,0],"14":[0,0],"15":[0,0],"16":[0,0],"17":[0,0],"18":[0,0],"19":[0,0]}}
,"C:\\Users\\alexi\\Desktop\\Folders\\Projects\\BAMX\\frontend\\screens\\SettingsScreen.tsx": {"path":"C:\\Users\\alexi\\Desktop\\Folders\\Projects\\BAMX\\frontend\\screens\\SettingsScreen.tsx","statementMap":{"0":{"start":{"line":16,"column":38},"end":{"line":16,"column":53}},"1":{"start":{"line":17,"column":19},"end":{"line":17,"column":46}},"2":{"start":{"line":18,"column":40},"end":{"line":18,"column":55}},"3":{"start":{"line":19,"column":16},"end":{"line":19,"column":40}},"4":{"start":{"line":20,"column":17},"end":{"line":20,"column":33}},"5":{"start":{"line":21,"column":19},"end":{"line":21,"column":32}},"6":{"start":{"line":23,"column":2},"end":{"line":37,"column":17}},"7":{"start":{"line":24,"column":31},"end":{"line":34,"column":5}},"8":{"start":{"line":25,"column":6},"end":{"line":33,"column":7}},"9":{"start":{"line":26,"column":30},"end":{"line":26,"column":72}},"10":{"start":{"line":27,"column":8},"end":{"line":30,"column":9}},"11":{"start":{"line":28,"column":33},"end":{"line":28,"column":58}},"12":{"start":{"line":29,"column":10},"end":{"line":29,"column":49}},"13":{"start":{"line":32,"column":8},"end":{"line":32,"column":52}},"14":{"start":{"line":36,"column":4},"end":{"line":36,"column":25}},"15":{"start":{"line":39,"column":2},"end":{"line":43,"column":17}},"16":{"start":{"line":40,"column":4},"end":{"line":42,"column":5}},"17":{"start":{"line":41,"column":6},"end":{"line":41,"column":43}},"18":{"start":{"line":44,"column":2},"end":{"line":55,"column":17}},"19":{"start":{"line":45,"column":25},"end":{"line":53,"column":5}},"20":{"start":{"line":46,"column":6},"end":{"line":52,"column":7}},"21":{"start":{"line":47,"column":8},"end":{"line":49,"column":9}},"22":{"start":{"line":48,"column":10},"end":{"line":48,"column":66}},"23":{"start":{"line":51,"column":8},"end":{"line":51,"column":51}},"24":{"start":{"line":54,"column":4},"end":{"line":54,"column":43}},"25":{"start":{"line":57,"column":23},"end":{"line":68,"column":3}},"26":{"start":{"line":58,"column":4},"end":{"line":58,"column":53}},"27":{"start":{"line":58,"column":37},"end":{"line":58,"column":51}},"28":{"start":{"line":59,"column":21},"end":{"line":59,"column":51}},"29":{"start":{"line":60,"column":23},"end":{"line":64,"column":5}},"30":{"start":{"line":65,"column":4},"end":{"line":67,"column":5}},"31":{"start":{"line":66,"column":6},"end":{"line":66,"column":41}},"32":{"start":{"line":70,"column":18},"end":{"line":79,"column":3}},"33":{"start":{"line":71,"column":4},"end":{"line":71,"column":54}},"34":{"start":{"line":71,"column":38},"end":{"line":71,"column":52}},"35":{"start":{"line":72,"column":21},"end":{"line":72,"column":49}},"36":{"start":{"line":73,"column":23},"end":{"line":77,"column":5}},"37":{"start":{"line":78,"column":4},"end":{"line":78,"column":39}},"38":{"start":{"line":81,"column":2},"end":{"line":83,"column":14}},"39":{"start":{"line":82,"column":4},"end":{"line":82,"column":37}},"40":{"start":{"line":85,"column":30},"end":{"line":88,"column":3}},"41":{"start":{"line":89,"column":2},"end":{"line":140,"column":4}},"42":{"start":{"line":134,"column":31},"end":{"line":134,"column":45}}},"fnMap":{"0":{"name":"SettingsScreen","decl":{"start":{"line":15,"column":24},"end":{"line":15,"column":38}},"loc":{"start":{"line":15,"column":41},"end":{"line":141,"column":1}},"line":15},"1":{"name":"(anonymous_1)","decl":{"start":{"line":23,"column":12},"end":{"line":23,"column":13}},"loc":{"start":{"line":23,"column":18},"end":{"line":37,"column":3}},"line":23},"2":{"name":"(anonymous_2)","decl":{"start":{"line":24,"column":31},"end":{"line":24,"column":32}},"loc":{"start":{"line":24,"column":43},"end":{"line":34,"column":5}},"line":24},"3":{"name":"(anonymous_3)","decl":{"start":{"line":39,"column":12},"end":{"line":39,"column":13}},"loc":{"start":{"line":39,"column":18},"end":{"line":43,"column":3}},"line":39},"4":{"name":"(anonymous_4)","decl":{"start":{"line":44,"column":12},"end":{"line":44,"column":13}},"loc":{"start":{"line":44,"column":18},"end":{"line":55,"column":3}},"line":44},"5":{"name":"(anonymous_5)","decl":{"start":{"line":45,"column":25},"end":{"line":45,"column":26}},"loc":{"start":{"line":45,"column":53},"end":{"line":53,"column":5}},"line":45},"6":{"name":"(anonymous_6)","decl":{"start":{"line":57,"column":23},"end":{"line":57,"column":24}},"loc":{"start":{"line":57,"column":29},"end":{"line":68,"column":3}},"line":57},"7":{"name":"(anonymous_7)","decl":{"start":{"line":58,"column":18},"end":{"line":58,"column":19}},"loc":{"start":{"line":58,"column":37},"end":{"line":58,"column":51}},"line":58},"8":{"name":"(anonymous_8)","decl":{"start":{"line":70,"column":18},"end":{"line":70,"column":19}},"loc":{"start":{"line":70,"column":24},"end":{"line":79,"column":3}},"line":70},"9":{"name":"(anonymous_9)","decl":{"start":{"line":71,"column":19},"end":{"line":71,"column":20}},"loc":{"start":{"line":71,"column":38},"end":{"line":71,"column":52}},"line":71},"10":{"name":"(anonymous_10)","decl":{"start":{"line":81,"column":12},"end":{"line":81,"column":13}},"loc":{"start":{"line":81,"column":18},"end":{"line":83,"column":3}},"line":81},"11":{"name":"(anonymous_11)","decl":{"start":{"line":134,"column":19},"end":{"line":134,"column":20}},"loc":{"start":{"line":134,"column":31},"end":{"line":134,"column":45}},"line":134}},"branchMap":{"0":{"loc":{"start":{"line":27,"column":8},"end":{"line":30,"column":9}},"type":"if","locations":[{"start":{"line":27,"column":8},"end":{"line":30,"column":9}},{"start":{},"end":{}}],"line":27},"1":{"loc":{"start":{"line":40,"column":4},"end":{"line":42,"column":5}},"type":"if","locations":[{"start":{"line":40,"column":4},"end":{"line":42,"column":5}},{"start":{},"end":{}}],"line":40},"2":{"loc":{"start":{"line":47,"column":8},"end":{"line":49,"column":9}},"type":"if","locations":[{"start":{"line":47,"column":8},"end":{"line":49,"column":9}},{"start":{},"end":{}}],"line":47},"3":{"loc":{"start":{"line":59,"column":21},"end":{"line":59,"column":51}},"type":"cond-expr","locations":[{"start":{"line":59,"column":35},"end":{"line":59,"column":42}},{"start":{"line":59,"column":45},"end":{"line":59,"column":51}}],"line":59},"4":{"loc":{"start":{"line":65,"column":4},"end":{"line":67,"column":5}},"type":"if","locations":[{"start":{"line":65,"column":4},"end":{"line":67,"column":5}},{"start":{},"end":{}}],"line":65},"5":{"loc":{"start":{"line":72,"column":21},"end":{"line":72,"column":49}},"type":"cond-expr","locations":[{"start":{"line":72,"column":35},"end":{"line":72,"column":40}},{"start":{"line":72,"column":43},"end":{"line":72,"column":49}}],"line":72},"6":{"loc":{"start":{"line":86,"column":24},"end":{"line":86,"column":61}},"type":"cond-expr","locations":[{"start":{"line":86,"column":33},"end":{"line":86,"column":46}},{"start":{"line":86,"column":49},"end":{"line":86,"column":61}}],"line":86},"7":{"loc":{"start":{"line":87,"column":18},"end":{"line":87,"column":60}},"type":"cond-expr","locations":[{"start":{"line":87,"column":27},"end":{"line":87,"column":42}},{"start":{"line":87,"column":45},"end":{"line":87,"column":60}}],"line":87},"8":{"loc":{"start":{"line":97,"column":24},"end":{"line":97,"column":58}},"type":"cond-expr","locations":[{"start":{"line":97,"column":37},"end":{"line":97,"column":46}},{"start":{"line":97,"column":49},"end":{"line":97,"column":58}}],"line":97},"9":{"loc":{"start":{"line":105,"column":14},"end":{"line":111,"column":34}},"type":"cond-expr","locations":[{"start":{"line":106,"column":18},"end":{"line":108,"column":34}},{"start":{"line":109,"column":18},"end":{"line":111,"column":34}}],"line":105},"10":{"loc":{"start":{"line":106,"column":18},"end":{"line":108,"column":34}},"type":"cond-expr","locations":[{"start":{"line":107,"column":20},"end":{"line":107,"column":33}},{"start":{"line":108,"column":20},"end":{"line":108,"column":34}}],"line":106},"11":{"loc":{"start":{"line":109,"column":18},"end":{"line":111,"column":34}},"type":"cond-expr","locations":[{"start":{"line":110,"column":20},"end":{"line":110,"column":33}},{"start":{"line":111,"column":20},"end":{"line":111,"column":34}}],"line":109},"12":{"loc":{"start":{"line":118,"column":18},"end":{"line":118,"column":70}},"type":"cond-expr","locations":[{"start":{"line":118,"column":43},"end":{"line":118,"column":55}},{"start":{"line":118,"column":58},"end":{"line":118,"column":70}}],"line":118},"13":{"loc":{"start":{"line":124,"column":22},"end":{"line":124,"column":47}},"type":"cond-expr","locations":[{"start":{"line":124,"column":31},"end":{"line":124,"column":37}},{"start":{"line":124,"column":40},"end":{"line":124,"column":47}}],"line":124},"14":{"loc":{"start":{"line":126,"column":23},"end":{"line":126,"column":65}},"type":"cond-expr","locations":[{"start":{"line":126,"column":48},"end":{"line":126,"column":55}},{"start":{"line":126,"column":58},"end":{"line":126,"column":65}}],"line":126}},"s":{"0":0,"1":0,"2":0,"3":0,"4":0,"5":0,"6":0,"7":0,"8":0,"9":0,"10":0,"11":0,"12":0,"13":0,"14":0,"15":0,"16":0,"17":0,"18":0,"19":0,"20":0,"21":0,"22":0,"23":0,"24":0,"25":0,"26":0,"27":0,"28":0,"29":0,"30":0,"31":0,"32":0,"33":0,"34":0,"35":0,"36":0,"37":0,"38":0,"39":0,"40":0,"41":0,"42":0},"f":{"0":0,"1":0,"2":0,"3":0,"4":0,"5":0,"6":0,"7":0,"8":0,"9":0,"10":0,"11":0},"b":{"0":[0,0],"1":[0,0],"2":[0,0],"3":[0,0],"4":[0,0],"5":[0,0],"6":[0,0],"7":[0,0],"8":[0,0],"9":[0,0],"10":[0,0],"11":[0,0],"12":[0,0],"13":[0,0],"14":[0,0]}}
}
