TN:
SF:components\AnimatedSwitch.tsx
FN:18,AnimatedSwitch
FN:24,(anonymous_1)
FN:62,(anonymous_2)
FN:78,(anonymous_3)
FNF:4
FNH:4
FNDA:12,AnimatedSwitch
FNDA:4,(anonymous_1)
FNDA:1,(anonymous_2)
FNDA:3,(anonymous_3)
DA:19,12
DA:20,12
DA:21,12
DA:22,12
DA:24,12
DA:25,4
DA:26,4
DA:27,4
DA:34,12
DA:39,12
DA:62,1
DA:78,3
DA:96,1
LF:13
LH:13
BRDA:28,0,0,1
BRDA:28,0,1,3
BRDA:61,1,0,12
BRDA:61,1,1,9
BRDA:67,2,0,9
BRDA:67,2,1,3
BRDA:76,3,0,12
BRDA:76,3,1,3
BRDA:83,4,0,3
BRDA:83,4,1,9
BRF:10
BRH:10
end_of_record
TN:
SF:components\Contenedor.tsx
FN:20,Contenedor
FN:31,(anonymous_1)
FN:36,(anonymous_2)
FN:37,(anonymous_3)
FN:41,(anonymous_4)
FN:46,(anonymous_5)
FN:111,(anonymous_6)
FN:116,(anonymous_7)
FNF:8
FNH:0
FNDA:0,Contenedor
FNDA:0,(anonymous_1)
FNDA:0,(anonymous_2)
FNDA:0,(anonymous_3)
FNDA:0,(anonymous_4)
FNDA:0,(anonymous_5)
FNDA:0,(anonymous_6)
FNDA:0,(anonymous_7)
DA:21,0
DA:22,0
DA:23,0
DA:24,0
DA:26,0
DA:32,0
DA:36,0
DA:37,0
DA:38,0
DA:41,0
DA:42,0
DA:43,0
DA:46,0
DA:47,0
DA:48,0
DA:51,0
DA:111,0
DA:116,0
DA:121,0
LF:19
LH:0
BRDA:27,0,0,0
BRDA:27,0,1,0
BRDA:29,1,0,0
BRDA:29,1,1,0
BRDA:31,2,0,0
BRDA:32,3,0,0
BRDA:32,3,1,0
BRDA:42,4,0,0
BRDA:42,4,1,0
BRDA:43,5,0,0
BRDA:43,5,1,0
BRDA:47,6,0,0
BRDA:47,6,1,0
BRDA:48,7,0,0
BRDA:48,7,1,0
BRDA:62,8,0,0
BRDA:62,8,1,0
BRDA:85,9,0,0
BRDA:85,9,1,0
BRDA:113,10,0,0
BRDA:113,10,1,0
BRDA:113,11,0,0
BRDA:113,11,1,0
BRDA:117,12,0,0
BRDA:117,12,1,0
BRF:25
BRH:0
end_of_record
TN:
SF:components\FeaturedRow.tsx
FN:29,FeaturedRow
FN:36,(anonymous_1)
FN:42,(anonymous_2)
FN:69,(anonymous_3)
FN:70,(anonymous_4)
FN:80,(anonymous_5)
FN:117,(anonymous_6)
FNF:7
FNH:0
FNDA:0,FeaturedRow
FNDA:0,(anonymous_1)
FNDA:0,(anonymous_2)
FNDA:0,(anonymous_3)
FNDA:0,(anonymous_4)
FNDA:0,(anonymous_5)
FNDA:0,(anonymous_6)
DA:30,0
DA:31,0
DA:32,0
DA:33,0
DA:35,0
DA:36,0
DA:37,0
DA:42,0
DA:43,0
DA:51,0
DA:69,0
DA:70,0
DA:81,0
DA:82,0
DA:116,0
DA:117,0
LF:16
LH:0
BRDA:37,0,0,0
BRDA:37,0,1,0
BRDA:39,1,0,0
BRDA:39,1,1,0
BRDA:43,2,0,0
BRDA:43,2,1,0
BRDA:45,3,0,0
BRDA:45,3,1,0
BRDA:54,4,0,0
BRDA:54,4,1,0
BRDA:77,5,0,0
BRDA:77,5,1,0
BRDA:89,6,0,0
BRDA:89,6,1,0
BRDA:95,7,0,0
BRDA:95,7,1,0
BRDA:101,8,0,0
BRDA:101,8,1,0
BRDA:119,9,0,0
BRDA:119,9,1,0
BRDA:121,10,0,0
BRDA:121,10,1,0
BRF:22
BRH:0
end_of_record
TN:
SF:components\ProductCard.tsx
FN:22,ProductCard
FN:32,(anonymous_1)
FN:51,(anonymous_2)
FN:75,(anonymous_3)
FN:88,(anonymous_4)
FN:96,(anonymous_5)
FN:131,(anonymous_6)
FN:137,(anonymous_7)
FNF:8
FNH:7
FNDA:16,ProductCard
FNDA:8,(anonymous_1)
FNDA:0,(anonymous_2)
FNDA:1,(anonymous_3)
FNDA:1,(anonymous_4)
FNDA:1,(anonymous_5)
FNDA:32,(anonymous_6)
FNDA:32,(anonymous_7)
DA:23,16
DA:24,16
DA:25,16
DA:27,16
DA:29,16
DA:30,16
DA:32,16
DA:33,8
DA:34,8
DA:35,8
DA:39,16
DA:51,0
DA:75,1
DA:107,1
DA:131,32
DA:137,32
LF:16
LH:15
BRDA:27,0,0,2
BRDA:27,0,1,14
BRDA:33,1,0,7
BRDA:33,1,1,1
BRDA:45,2,0,14
BRDA:45,2,1,2
BRDA:45,3,0,16
BRDA:45,3,1,14
BRDA:53,4,0,14
BRDA:53,4,1,14
BRDA:68,5,0,2
BRDA:68,5,1,14
BRDA:132,6,0,16
BRDA:132,6,1,16
BRF:14
BRH:14
end_of_record
TN:
SF:components\ProductList.tsx
FN:13,ProductList
FN:20,(anonymous_1)
FN:22,(anonymous_2)
FN:28,(anonymous_3)
FN:32,(anonymous_4)
FN:38,(anonymous_5)
FNF:6
FNH:0
FNDA:0,ProductList
FNDA:0,(anonymous_1)
FNDA:0,(anonymous_2)
FNDA:0,(anonymous_3)
FNDA:0,(anonymous_4)
FNDA:0,(anonymous_5)
DA:18,0
DA:20,0
DA:21,0
DA:22,0
DA:24,0
DA:28,0
DA:29,0
DA:32,0
DA:33,0
DA:36,0
DA:39,0
LF:11
LH:0
BRDA:21,0,0,0
BRDA:21,0,1,0
BRF:2
BRH:0
end_of_record
TN:
SF:components\ProductRow.tsx
FN:17,ProductRow
FN:34,(anonymous_1)
FN:44,evaluarFecha
FN:68,(anonymous_3)
FN:80,(anonymous_4)
FNF:5
FNH:5
FNDA:19,ProductRow
FNDA:38,(anonymous_1)
FNDA:19,evaluarFecha
FNDA:1,(anonymous_3)
FNDA:1,(anonymous_4)
DA:23,19
DA:24,19
DA:34,19
DA:35,38
DA:36,38
DA:37,38
DA:45,19
DA:46,19
DA:48,19
DA:50,19
DA:52,19
DA:53,16
DA:54,3
DA:55,1
DA:57,2
DA:61,19
DA:63,19
DA:68,1
DA:80,1
DA:112,1
LF:20
LH:20
BRDA:52,0,0,16
BRDA:52,0,1,3
BRDA:54,1,0,1
BRDA:54,1,1,2
BRDA:61,2,0,19
BRDA:61,2,1,0
BRDA:73,3,0,18
BRDA:73,3,1,1
BRDA:76,4,0,1
BRDA:76,4,1,18
BRDA:92,5,0,19
BRDA:92,5,1,0
BRDA:95,6,0,19
BRDA:95,6,1,0
BRF:14
BRH:11
end_of_record
TN:
SF:components\Refrigeradores.tsx
FN:6,Refrigeradores
FN:16,(anonymous_1)
FNF:2
FNH:0
FNDA:0,Refrigeradores
FNDA:0,(anonymous_1)
DA:7,0
DA:9,0
DA:17,0
LF:3
LH:0
BRF:0
BRH:0
end_of_record
TN:
SF:components\SearchHeader.tsx
FN:27,SearchHeader
FN:44,(anonymous_1)
FN:51,(anonymous_2)
FN:54,(anonymous_3)
FN:58,(anonymous_4)
FN:82,(anonymous_5)
FN:103,(anonymous_6)
FN:114,(anonymous_7)
FN:167,(anonymous_8)
FN:200,(anonymous_9)
FNF:10
FNH:9
FNDA:14,SearchHeader
FNDA:14,(anonymous_1)
FNDA:2,(anonymous_2)
FNDA:1,(anonymous_3)
FNDA:3,(anonymous_4)
FNDA:1,(anonymous_5)
FNDA:0,(anonymous_6)
FNDA:2,(anonymous_7)
FNDA:1,(anonymous_8)
FNDA:4,(anonymous_9)
DA:34,14
DA:35,14
DA:36,14
DA:37,14
DA:38,14
DA:39,14
DA:40,14
DA:41,14
DA:42,14
DA:44,14
DA:45,14
DA:51,14
DA:52,2
DA:54,14
DA:55,1
DA:58,14
DA:59,3
DA:62,14
DA:82,1
DA:103,0
DA:114,2
DA:167,1
DA:184,1
DA:200,4
LF:24
LH:23
BRDA:41,0,0,1
BRDA:41,0,1,13
BRDA:42,1,0,1
BRDA:42,1,1,13
BRDA:47,2,0,12
BRDA:47,2,1,2
BRDA:76,3,0,1
BRDA:76,3,1,13
BRDA:101,4,0,12
BRDA:101,4,1,2
BRDA:108,5,0,12
BRDA:108,5,1,2
BRDA:118,6,0,2
BRDA:118,6,1,12
BRDA:131,7,0,2
BRDA:131,7,1,12
BRDA:138,8,0,1
BRDA:138,8,1,13
BRDA:148,9,0,2
BRDA:148,9,1,12
BRDA:155,10,0,1
BRDA:155,10,1,13
BRDA:170,11,0,1
BRDA:170,11,1,13
BRDA:201,12,0,2
BRDA:201,12,1,2
BRF:26
BRH:26
end_of_record
TN:
SF:components\Semaforo.tsx
FN:9,Semaforo
FN:22,lerp
FN:32,evaluarFechaDelProducto
FN:54,(anonymous_3)
FN:59,(anonymous_4)
FN:129,(anonymous_5)
FNF:6
FNH:4
FNDA:8,Semaforo
FNDA:8,lerp
FNDA:0,evaluarFechaDelProducto
FNDA:0,(anonymous_3)
FNDA:8,(anonymous_4)
FNDA:24,(anonymous_5)
DA:12,8
DA:13,8
DA:14,8
DA:16,8
DA:23,8
DA:26,8
DA:34,0
DA:35,0
DA:38,0
DA:39,0
DA:41,0
DA:43,0
DA:45,0
DA:46,0
DA:47,0
DA:48,0
DA:50,0
DA:54,8
DA:55,0
DA:59,8
DA:64,8
DA:65,8
DA:66,8
DA:67,8
DA:69,8
DA:76,8
DA:79,8
DA:81,8
DA:130,24
DA:144,1
LF:30
LH:18
BRDA:34,0,0,0
BRDA:34,0,1,0
BRDA:39,1,0,0
BRDA:39,1,1,0
BRDA:45,2,0,0
BRDA:45,2,1,0
BRDA:47,3,0,0
BRDA:47,3,1,0
BRF:8
BRH:0
end_of_record
TN:
SF:components\SideBar.tsx
FN:29,SideBar
FN:61,(anonymous_1)
FN:62,(anonymous_2)
FN:97,(anonymous_3)
FN:131,(anonymous_4)
FN:143,(anonymous_5)
FN:232,(anonymous_6)
FN:252,(anonymous_7)
FN:256,(anonymous_8)
FN:262,(anonymous_9)
FNF:10
FNH:0
FNDA:0,SideBar
FNDA:0,(anonymous_1)
FNDA:0,(anonymous_2)
FNDA:0,(anonymous_3)
FNDA:0,(anonymous_4)
FNDA:0,(anonymous_5)
FNDA:0,(anonymous_6)
FNDA:0,(anonymous_7)
FNDA:0,(anonymous_8)
FNDA:0,(anonymous_9)
DA:30,0
DA:31,0
DA:32,0
DA:33,0
DA:34,0
DA:35,0
DA:36,0
DA:37,0
DA:38,0
DA:52,0
DA:53,0
DA:55,0
DA:59,0
DA:61,0
DA:62,0
DA:63,0
DA:64,0
DA:65,0
DA:66,0
DA:67,0
DA:70,0
DA:74,0
DA:77,0
DA:79,0
DA:97,0
DA:131,0
DA:143,0
DA:232,0
DA:244,0
DA:252,0
DA:256,0
DA:262,0
LF:32
LH:0
BRDA:56,0,0,0
BRDA:56,0,1,0
BRDA:57,1,0,0
BRDA:57,1,1,0
BRDA:65,2,0,0
BRDA:65,2,1,0
BRDA:97,3,0,0
BRDA:97,3,1,0
BRDA:100,4,0,0
BRDA:100,4,1,0
BRDA:102,5,0,0
BRDA:102,5,1,0
BRDA:109,6,0,0
BRDA:109,6,1,0
BRDA:177,7,0,0
BRDA:177,7,1,0
BRDA:196,8,0,0
BRDA:196,8,1,0
BRDA:211,9,0,0
BRDA:211,9,1,0
BRDA:218,10,0,0
BRDA:218,10,1,0
BRDA:227,11,0,0
BRDA:227,11,1,0
BRDA:253,12,0,0
BRDA:253,12,1,0
BRDA:257,13,0,0
BRDA:257,13,1,0
BRDA:263,14,0,0
BRDA:263,14,1,0
BRF:30
BRH:0
end_of_record
TN:
SF:components\StackedBarChart.tsx
FN:21,(anonymous_0)
FN:30,(anonymous_1)
FN:40,(anonymous_2)
FN:40,(anonymous_3)
FN:63,(anonymous_4)
FN:70,(anonymous_5)
FNF:6
FNH:0
FNDA:0,(anonymous_0)
FNDA:0,(anonymous_1)
FNDA:0,(anonymous_2)
FNDA:0,(anonymous_3)
FNDA:0,(anonymous_4)
FNDA:0,(anonymous_5)
DA:21,0
DA:30,0
DA:31,0
DA:39,0
DA:40,0
DA:43,0
DA:44,0
DA:49,0
DA:64,0
DA:71,0
DA:72,0
LF:11
LH:0
BRDA:25,0,0,0
BRDA:27,1,0,0
BRDA:54,2,0,0
BRDA:54,2,1,0
BRDA:58,3,0,0
BRDA:58,3,1,0
BRDA:73,4,0,0
BRDA:73,4,1,0
BRDA:78,5,0,0
BRDA:78,5,1,0
BRF:10
BRH:0
end_of_record
TN:
SF:screens\AuthLoadingScreen.tsx
FN:5,AuthLoadingScreen
FNF:1
FNH:0
FNDA:0,AuthLoadingScreen
DA:6,0
DA:7,0
LF:2
LH:0
BRF:0
BRH:0
end_of_record
TN:
SF:screens\AuthScreen.tsx
FN:17,AuthScreen
FN:29,(anonymous_1)
FN:71,(anonymous_2)
FNF:3
FNH:0
FNDA:0,AuthScreen
FNDA:0,(anonymous_1)
FNDA:0,(anonymous_2)
DA:18,0
DA:19,0
DA:20,0
DA:21,0
DA:29,0
DA:30,0
DA:34,0
DA:35,0
DA:37,0
DA:38,0
DA:41,0
DA:42,0
DA:43,0
DA:46,0
DA:47,0
DA:48,0
DA:53,0
DA:54,0
DA:56,0
DA:57,0
DA:58,0
DA:59,0
DA:63,0
DA:65,0
DA:69,0
DA:71,0
LF:26
LH:0
BRDA:34,0,0,0
BRDA:34,0,1,0
BRDA:37,1,0,0
BRDA:37,1,1,0
BRDA:41,2,0,0
BRDA:41,2,1,0
BRDA:41,3,0,0
BRDA:41,3,1,0
BRDA:71,4,0,0
BRDA:71,4,1,0
BRDA:74,5,0,0
BRDA:74,5,1,0
BRDA:78,6,0,0
BRDA:78,6,1,0
BRDA:92,7,0,0
BRDA:92,7,1,0
BRDA:103,8,0,0
BRDA:103,8,1,0
BRDA:107,9,0,0
BRDA:107,9,1,0
BRF:20
BRH:0
end_of_record
TN:
SF:screens\DetailsScreen.tsx
FN:6,DetailsScreen
FN:16,(anonymous_1)
FNF:2
FNH:0
FNDA:0,DetailsScreen
FNDA:0,(anonymous_1)
DA:7,0
DA:10,0
DA:11,0
DA:12,0
DA:16,0
DA:39,0
LF:6
LH:0
BRDA:10,0,0,0
BRDA:10,0,1,0
BRDA:22,1,0,0
BRDA:22,1,1,0
BRDA:28,2,0,0
BRDA:28,2,1,0
BRF:6
BRH:0
end_of_record
TN:
SF:screens\HomeScreen.tsx
FN:11,HomeScreen
FN:21,(anonymous_1)
FNF:2
FNH:0
FNDA:0,HomeScreen
FNDA:0,(anonymous_1)
DA:12,0
DA:13,0
DA:14,0
DA:15,0
DA:19,0
DA:21,0
DA:22,0
DA:24,0
DA:27,0
LF:9
LH:0
BRDA:16,0,0,0
BRDA:16,0,1,0
BRDA:17,1,0,0
BRDA:17,1,1,0
BRDA:34,2,0,0
BRDA:34,2,1,0
BRDA:38,3,0,0
BRDA:38,3,1,0
BRF:8
BRH:0
end_of_record
TN:
SF:screens\InventoryScreen.tsx
FN:19,InventoryScreen
FN:34,(anonymous_1)
FN:38,(anonymous_2)
FN:52,obtenerProductosPorPagina
FN:58,showProducts
FN:66,obtenerTotalPaginas
FN:72,(anonymous_6)
FN:90,(anonymous_7)
FN:92,(anonymous_8)
FN:93,(anonymous_9)
FN:97,(anonymous_10)
FN:98,(anonymous_11)
FN:99,(anonymous_12)
FN:102,(anonymous_13)
FN:114,(anonymous_14)
FN:120,(anonymous_15)
FN:125,(anonymous_16)
FN:126,(anonymous_17)
FN:139,(anonymous_18)
FN:143,(anonymous_19)
FN:156,(anonymous_20)
FN:190,(anonymous_21)
FN:200,(anonymous_22)
FNF:23
FNH:0
FNDA:0,InventoryScreen
FNDA:0,(anonymous_1)
FNDA:0,(anonymous_2)
FNDA:0,obtenerProductosPorPagina
FNDA:0,showProducts
FNDA:0,obtenerTotalPaginas
FNDA:0,(anonymous_6)
FNDA:0,(anonymous_7)
FNDA:0,(anonymous_8)
FNDA:0,(anonymous_9)
FNDA:0,(anonymous_10)
FNDA:0,(anonymous_11)
FNDA:0,(anonymous_12)
FNDA:0,(anonymous_13)
FNDA:0,(anonymous_14)
FNDA:0,(anonymous_15)
FNDA:0,(anonymous_16)
FNDA:0,(anonymous_17)
FNDA:0,(anonymous_18)
FNDA:0,(anonymous_19)
FNDA:0,(anonymous_20)
FNDA:0,(anonymous_21)
FNDA:0,(anonymous_22)
DA:20,0
DA:21,0
DA:22,0
DA:23,0
DA:28,0
DA:29,0
DA:30,0
DA:34,0
DA:35,0
DA:36,0
DA:37,0
DA:38,0
DA:39,0
DA:40,0
DA:47,0
DA:50,0
DA:53,0
DA:54,0
DA:55,0
DA:59,0
DA:60,0
DA:62,0
DA:63,0
DA:67,0
DA:70,0
DA:72,0
DA:73,0
DA:75,0
DA:76,0
DA:77,0
DA:78,0
DA:81,0
DA:84,0
DA:85,0
DA:86,0
DA:90,0
DA:91,0
DA:92,0
DA:93,0
DA:97,0
DA:98,0
DA:99,0
DA:102,0
DA:103,0
DA:104,0
DA:105,0
DA:106,0
DA:107,0
DA:109,0
DA:113,0
DA:114,0
DA:115,0
DA:118,0
DA:120,0
DA:121,0
DA:125,0
DA:126,0
DA:127,0
DA:130,0
DA:133,0
DA:135,0
DA:138,0
DA:139,0
DA:140,0
DA:142,0
DA:143,0
DA:147,0
DA:156,0
DA:191,0
DA:200,0
LF:70
LH:0
BRDA:24,0,0,0
BRDA:24,0,1,0
BRDA:25,1,0,0
BRDA:25,1,1,0
BRDA:31,2,0,0
BRDA:31,2,1,0
BRDA:41,3,0,0
BRDA:41,3,1,0
BRDA:41,3,2,0
BRDA:59,4,0,0
BRDA:59,4,1,0
BRDA:76,5,0,0
BRDA:76,5,1,0
BRDA:87,6,0,0
BRDA:87,6,1,0
BRDA:91,7,0,0
BRDA:91,7,1,0
BRDA:103,8,0,0
BRDA:103,8,1,0
BRDA:106,9,0,0
BRDA:106,9,1,0
BRDA:128,10,0,0
BRDA:128,10,1,0
BRDA:131,11,0,0
BRDA:131,11,1,0
BRDA:133,12,0,0
BRDA:133,12,1,0
BRDA:152,13,0,0
BRDA:152,13,1,0
BRDA:156,14,0,0
BRDA:156,14,1,0
BRDA:161,15,0,0
BRDA:161,15,1,0
BRDA:179,16,0,0
BRDA:179,16,1,0
BRDA:181,17,0,0
BRDA:181,17,1,0
BRDA:196,18,0,0
BRDA:196,18,1,0
BRDA:207,19,0,0
BRDA:207,19,1,0
BRF:41
BRH:0
end_of_record
TN:
SF:screens\SettingsScreen.tsx
FN:15,SettingsScreen
FN:23,(anonymous_1)
FN:24,(anonymous_2)
FN:39,(anonymous_3)
FN:44,(anonymous_4)
FN:45,(anonymous_5)
FN:57,(anonymous_6)
FN:58,(anonymous_7)
FN:70,(anonymous_8)
FN:71,(anonymous_9)
FN:81,(anonymous_10)
FN:134,(anonymous_11)
FNF:12
FNH:0
FNDA:0,SettingsScreen
FNDA:0,(anonymous_1)
FNDA:0,(anonymous_2)
FNDA:0,(anonymous_3)
FNDA:0,(anonymous_4)
FNDA:0,(anonymous_5)
FNDA:0,(anonymous_6)
FNDA:0,(anonymous_7)
FNDA:0,(anonymous_8)
FNDA:0,(anonymous_9)
FNDA:0,(anonymous_10)
FNDA:0,(anonymous_11)
DA:16,0
DA:17,0
DA:18,0
DA:19,0
DA:20,0
DA:21,0
DA:23,0
DA:24,0
DA:25,0
DA:26,0
DA:27,0
DA:28,0
DA:29,0
DA:32,0
DA:36,0
DA:39,0
DA:40,0
DA:41,0
DA:44,0
DA:45,0
DA:46,0
DA:47,0
DA:48,0
DA:51,0
DA:54,0
DA:57,0
DA:58,0
DA:59,0
DA:60,0
DA:65,0
DA:66,0
DA:70,0
DA:71,0
DA:72,0
DA:73,0
DA:78,0
DA:81,0
DA:82,0
DA:85,0
DA:89,0
DA:134,0
LF:41
LH:0
BRDA:27,0,0,0
BRDA:27,0,1,0
BRDA:40,1,0,0
BRDA:40,1,1,0
BRDA:47,2,0,0
BRDA:47,2,1,0
BRDA:59,3,0,0
BRDA:59,3,1,0
BRDA:65,4,0,0
BRDA:65,4,1,0
BRDA:72,5,0,0
BRDA:72,5,1,0
BRDA:86,6,0,0
BRDA:86,6,1,0
BRDA:87,7,0,0
BRDA:87,7,1,0
BRDA:97,8,0,0
BRDA:97,8,1,0
BRDA:105,9,0,0
BRDA:105,9,1,0
BRDA:106,10,0,0
BRDA:106,10,1,0
BRDA:109,11,0,0
BRDA:109,11,1,0
BRDA:118,12,0,0
BRDA:118,12,1,0
BRDA:124,13,0,0
BRDA:124,13,1,0
BRDA:126,14,0,0
BRDA:126,14,1,0
BRF:30
BRH:0
end_of_record
