TN:
SF:components\AnimatedSwitch\AnimatedSwitch.tsx
FN:17,AnimatedSwitch
FN:23,(anonymous_1)
FN:61,(anonymous_2)
FN:77,(anonymous_3)
FN:95,(anonymous_4)
FNF:5
FNH:5
FNDA:12,AnimatedSwitch
FNDA:4,(anonymous_1)
FNDA:1,(anonymous_2)
FNDA:3,(anonymous_3)
FNDA:12,(anonymous_4)
DA:18,12
DA:19,12
DA:20,12
DA:21,12
DA:23,12
DA:24,4
DA:25,4
DA:26,4
DA:33,12
DA:38,12
DA:61,1
DA:77,3
DA:95,12
LF:13
LH:13
BRDA:27,0,0,1
BRDA:27,0,1,3
BRDA:60,1,0,12
BRDA:60,1,1,9
BRDA:66,2,0,9
BRDA:66,2,1,3
BRDA:75,3,0,12
BRDA:75,3,1,3
BRDA:82,4,0,3
BRDA:82,4,1,9
BRDA:97,5,0,1
BRDA:97,5,1,11
BRF:12
BRH:12
end_of_record
TN:
SF:components\AnimatedSwitch\styles.ts
FNF:0
FNH:0
DA:2,1
LF:1
LH:1
BRF:0
BRH:0
end_of_record
TN:
SF:components\Contenedor\Contenedor.tsx
FN:20,Contenedor
FN:26,(anonymous_1)
FN:27,(anonymous_2)
FN:31,(anonymous_3)
FN:36,(anonymous_4)
FN:96,(anonymous_5)
FN:106,(anonymous_6)
FNF:7
FNH:7
FNDA:26,Contenedor
FNDA:2,(anonymous_1)
FNDA:2,(anonymous_2)
FNDA:26,(anonymous_3)
FNDA:26,(anonymous_4)
FNDA:26,(anonymous_5)
FNDA:26,(anonymous_6)
DA:21,26
DA:22,26
DA:23,26
DA:24,26
DA:26,26
DA:27,2
DA:28,2
DA:31,26
DA:32,26
DA:33,10
DA:36,26
DA:37,26
DA:38,10
DA:41,26
DA:96,26
DA:106,26
LF:16
LH:16
BRDA:32,0,0,16
BRDA:32,0,1,10
BRDA:32,1,0,26
BRDA:32,1,1,13
BRDA:33,2,0,3
BRDA:33,2,1,7
BRDA:37,3,0,16
BRDA:37,3,1,10
BRDA:37,4,0,26
BRDA:37,4,1,13
BRDA:38,5,0,3
BRDA:38,5,1,7
BRDA:52,6,0,13
BRDA:52,6,1,13
BRDA:70,7,0,13
BRDA:70,7,1,13
BRDA:99,8,0,16
BRDA:99,8,1,10
BRDA:99,9,0,26
BRDA:99,9,1,13
BRDA:101,10,0,3
BRDA:101,10,1,7
BRDA:107,11,0,13
BRDA:107,11,1,13
BRF:24
BRH:24
end_of_record
TN:
SF:components\Contenedor\styles.ts
FNF:0
FNH:0
DA:3,1
LF:1
LH:1
BRF:0
BRH:0
end_of_record
TN:
SF:components\FeaturedRow\FeaturedRow.tsx
FN:28,FeaturedRow
FN:34,(anonymous_1)
FN:40,(anonymous_2)
FN:65,(anonymous_3)
FN:66,(anonymous_4)
FN:76,(anonymous_5)
FNF:6
FNH:0
FNDA:0,FeaturedRow
FNDA:0,(anonymous_1)
FNDA:0,(anonymous_2)
FNDA:0,(anonymous_3)
FNDA:0,(anonymous_4)
FNDA:0,(anonymous_5)
DA:29,0
DA:30,0
DA:31,0
DA:32,0
DA:33,0
DA:34,0
DA:35,0
DA:40,0
DA:41,0
DA:47,0
DA:65,0
DA:66,0
DA:77,0
DA:78,0
LF:14
LH:0
BRDA:35,0,0,0
BRDA:35,0,1,0
BRDA:37,1,0,0
BRDA:37,1,1,0
BRDA:41,2,0,0
BRDA:41,2,1,0
BRDA:43,3,0,0
BRDA:43,3,1,0
BRDA:50,4,0,0
BRDA:50,4,1,0
BRDA:73,5,0,0
BRDA:73,5,1,0
BRDA:85,6,0,0
BRDA:85,6,1,0
BRDA:91,7,0,0
BRDA:91,7,1,0
BRDA:97,8,0,0
BRDA:97,8,1,0
BRF:18
BRH:0
end_of_record
TN:
SF:components\FeaturedRow\styles.ts
FN:4,(anonymous_0)
FNF:1
FNH:0
FNDA:0,(anonymous_0)
DA:3,0
DA:4,0
LF:2
LH:0
BRDA:6,0,0,0
BRDA:6,0,1,0
BRDA:8,1,0,0
BRDA:8,1,1,0
BRF:4
BRH:0
end_of_record
TN:
SF:components\ProductCard\ProductCard.tsx
FN:22,ProductCard
FN:46,(anonymous_1)
FN:70,(anonymous_2)
FN:83,(anonymous_3)
FN:91,(anonymous_4)
FN:102,(anonymous_5)
FN:108,(anonymous_6)
FNF:7
FNH:6
FNDA:8,ProductCard
FNDA:0,(anonymous_1)
FNDA:1,(anonymous_2)
FNDA:1,(anonymous_3)
FNDA:1,(anonymous_4)
FNDA:16,(anonymous_5)
FNDA:16,(anonymous_6)
DA:23,8
DA:24,8
DA:26,8
DA:28,8
DA:30,8
DA:34,8
DA:46,0
DA:70,1
DA:102,16
DA:108,16
LF:10
LH:9
BRDA:26,0,0,1
BRDA:26,0,1,7
BRDA:30,1,0,7
BRDA:30,1,1,1
BRDA:40,2,0,7
BRDA:40,2,1,1
BRDA:40,3,0,8
BRDA:40,3,1,7
BRDA:48,4,0,7
BRDA:48,4,1,7
BRDA:63,5,0,1
BRDA:63,5,1,7
BRDA:103,6,0,8
BRDA:103,6,1,8
BRF:14
BRH:14
end_of_record
TN:
SF:components\ProductCard\styles.ts
FNF:0
FNH:0
DA:2,1
LF:1
LH:1
BRF:0
BRH:0
end_of_record
TN:
SF:components\ProductList\ProductList.tsx
FN:13,ProductList
FN:20,(anonymous_1)
FN:22,(anonymous_2)
FN:28,(anonymous_3)
FN:32,(anonymous_4)
FN:38,(anonymous_5)
FNF:6
FNH:0
FNDA:0,ProductList
FNDA:0,(anonymous_1)
FNDA:0,(anonymous_2)
FNDA:0,(anonymous_3)
FNDA:0,(anonymous_4)
FNDA:0,(anonymous_5)
DA:18,0
DA:20,0
DA:21,0
DA:22,0
DA:24,0
DA:28,0
DA:29,0
DA:32,0
DA:33,0
DA:36,0
DA:39,0
LF:11
LH:0
BRDA:21,0,0,0
BRDA:21,0,1,0
BRF:2
BRH:0
end_of_record
TN:
SF:components\ProductRow\ProductRow.tsx
FN:17,ProductRow
FN:34,(anonymous_1)
FN:44,evaluarFecha
FN:61,(anonymous_3)
FN:78,(anonymous_4)
FN:90,(anonymous_5)
FNF:6
FNH:6
FNDA:19,ProductRow
FNDA:38,(anonymous_1)
FNDA:19,evaluarFecha
FNDA:19,(anonymous_3)
FNDA:1,(anonymous_4)
FNDA:1,(anonymous_5)
DA:23,19
DA:24,19
DA:34,19
DA:35,38
DA:36,38
DA:37,38
DA:45,19
DA:46,19
DA:48,19
DA:50,19
DA:52,19
DA:53,16
DA:54,3
DA:55,1
DA:57,2
DA:61,19
DA:62,19
DA:63,16
DA:64,3
DA:65,1
DA:67,2
DA:71,19
DA:73,19
DA:78,1
DA:90,1
LF:25
LH:25
BRDA:52,0,0,16
BRDA:52,0,1,3
BRDA:54,1,0,1
BRDA:54,1,1,2
BRDA:62,2,0,16
BRDA:62,2,1,3
BRDA:64,3,0,1
BRDA:64,3,1,2
BRDA:71,4,0,19
BRDA:71,4,1,0
BRDA:83,5,0,18
BRDA:83,5,1,1
BRDA:86,6,0,1
BRDA:86,6,1,18
BRDA:102,7,0,19
BRDA:102,7,1,0
BRDA:105,8,0,19
BRDA:105,8,1,0
BRF:18
BRH:15
end_of_record
TN:
SF:components\ProductRow\styles.ts
FNF:0
FNH:0
DA:2,1
LF:1
LH:1
BRF:0
BRH:0
end_of_record
TN:
SF:components\Refrigeradores\Refrigeradores.tsx
FN:7,Refrigeradores
FN:9,(anonymous_1)
FN:21,(anonymous_2)
FNF:3
FNH:0
FNDA:0,Refrigeradores
FNDA:0,(anonymous_1)
FNDA:0,(anonymous_2)
DA:8,0
DA:9,0
DA:14,0
DA:22,0
LF:4
LH:0
BRDA:11,0,0,0
BRDA:11,0,1,0
BRF:2
BRH:0
end_of_record
TN:
SF:components\SearchHeader\SearchHeader.tsx
FN:28,SearchHeader
FN:45,(anonymous_1)
FN:52,(anonymous_2)
FN:55,(anonymous_3)
FN:59,(anonymous_4)
FN:83,(anonymous_5)
FN:104,(anonymous_6)
FN:115,(anonymous_7)
FN:168,(anonymous_8)
FN:185,(anonymous_9)
FNF:10
FNH:9
FNDA:14,SearchHeader
FNDA:14,(anonymous_1)
FNDA:2,(anonymous_2)
FNDA:1,(anonymous_3)
FNDA:3,(anonymous_4)
FNDA:1,(anonymous_5)
FNDA:0,(anonymous_6)
FNDA:2,(anonymous_7)
FNDA:1,(anonymous_8)
FNDA:4,(anonymous_9)
DA:35,14
DA:36,14
DA:37,14
DA:38,14
DA:39,14
DA:40,14
DA:41,14
DA:42,14
DA:43,14
DA:45,14
DA:46,14
DA:52,14
DA:53,2
DA:55,14
DA:56,1
DA:59,14
DA:60,3
DA:63,14
DA:83,1
DA:104,0
DA:115,2
DA:168,1
DA:185,4
LF:23
LH:22
BRDA:42,0,0,1
BRDA:42,0,1,13
BRDA:43,1,0,1
BRDA:43,1,1,13
BRDA:48,2,0,12
BRDA:48,2,1,2
BRDA:77,3,0,1
BRDA:77,3,1,13
BRDA:102,4,0,12
BRDA:102,4,1,2
BRDA:109,5,0,12
BRDA:109,5,1,2
BRDA:119,6,0,2
BRDA:119,6,1,12
BRDA:132,7,0,2
BRDA:132,7,1,12
BRDA:139,8,0,1
BRDA:139,8,1,13
BRDA:149,9,0,2
BRDA:149,9,1,12
BRDA:156,10,0,1
BRDA:156,10,1,13
BRDA:171,11,0,1
BRDA:171,11,1,13
BRDA:186,12,0,2
BRDA:186,12,1,2
BRF:26
BRH:26
end_of_record
TN:
SF:components\SearchHeader\styles.ts
FNF:0
FNH:0
DA:2,1
LF:1
LH:1
BRF:0
BRH:0
end_of_record
TN:
SF:components\Semaforo\Semaforo.tsx
FN:9,Semaforo
FN:23,lerp
FN:33,evaluarFechaDelProducto
FN:54,(anonymous_3)
FN:64,(anonymous_4)
FN:68,(anonymous_5)
FN:138,(anonymous_6)
FNF:7
FNH:5
FNDA:8,Semaforo
FNDA:8,lerp
FNDA:0,evaluarFechaDelProducto
FNDA:24,(anonymous_3)
FNDA:0,(anonymous_4)
FNDA:8,(anonymous_5)
FNDA:24,(anonymous_6)
DA:14,8
DA:15,8
DA:16,8
DA:17,8
DA:24,8
DA:27,8
DA:34,0
DA:35,0
DA:38,0
DA:39,0
DA:41,0
DA:43,0
DA:45,0
DA:46,0
DA:47,0
DA:48,0
DA:50,0
DA:54,8
DA:55,24
DA:56,8
DA:57,16
DA:58,8
DA:60,8
DA:64,8
DA:65,0
DA:68,8
DA:73,8
DA:74,8
DA:75,8
DA:76,8
DA:78,8
DA:85,8
DA:88,8
DA:90,8
DA:139,24
LF:35
LH:23
BRDA:34,0,0,0
BRDA:34,0,1,0
BRDA:39,1,0,0
BRDA:39,1,1,0
BRDA:45,2,0,0
BRDA:45,2,1,0
BRDA:47,3,0,0
BRDA:47,3,1,0
BRDA:55,4,0,8
BRDA:55,4,1,16
BRDA:57,5,0,8
BRDA:57,5,1,8
BRF:12
BRH:4
end_of_record
TN:
SF:components\Semaforo\styles.ts
FNF:0
FNH:0
DA:2,1
LF:1
LH:1
BRF:0
BRH:0
end_of_record
TN:
SF:components\SideBar\SideBar.tsx
FN:33,SideBar
FN:65,(anonymous_1)
FN:80,(anonymous_2)
FN:85,(anonymous_3)
FN:93,(anonymous_4)
FN:118,(anonymous_5)
FN:154,(anonymous_6)
FN:166,(anonymous_7)
FN:239,(anonymous_8)
FN:271,(anonymous_9)
FN:275,(anonymous_10)
FN:281,(anonymous_11)
FNF:12
FNH:0
FNDA:0,SideBar
FNDA:0,(anonymous_1)
FNDA:0,(anonymous_2)
FNDA:0,(anonymous_3)
FNDA:0,(anonymous_4)
FNDA:0,(anonymous_5)
FNDA:0,(anonymous_6)
FNDA:0,(anonymous_7)
FNDA:0,(anonymous_8)
FNDA:0,(anonymous_9)
FNDA:0,(anonymous_10)
FNDA:0,(anonymous_11)
DA:34,0
DA:35,0
DA:36,0
DA:37,0
DA:38,0
DA:39,0
DA:40,0
DA:41,0
DA:42,0
DA:56,0
DA:57,0
DA:59,0
DA:64,0
DA:65,0
DA:66,0
DA:67,0
DA:70,0
DA:71,0
DA:74,0
DA:80,0
DA:85,0
DA:93,0
DA:94,0
DA:95,0
DA:97,0
DA:100,0
DA:119,0
DA:154,0
DA:166,0
DA:239,0
DA:271,0
DA:275,0
DA:281,0
LF:33
LH:0
BRDA:60,0,0,0
BRDA:60,0,1,0
BRDA:61,1,0,0
BRDA:61,1,1,0
BRDA:66,2,0,0
BRDA:66,2,1,0
BRDA:70,3,0,0
BRDA:70,3,1,0
BRDA:119,4,0,0
BRDA:119,4,1,0
BRDA:123,5,0,0
BRDA:123,5,1,0
BRDA:125,6,0,0
BRDA:125,6,1,0
BRDA:132,7,0,0
BRDA:132,7,1,0
BRDA:200,8,0,0
BRDA:200,8,1,0
BRDA:219,9,0,0
BRDA:219,9,1,0
BRDA:234,10,0,0
BRDA:234,10,1,0
BRDA:244,11,0,0
BRDA:244,11,1,0
BRDA:253,12,0,0
BRDA:253,12,1,0
BRDA:272,13,0,0
BRDA:272,13,1,0
BRDA:276,14,0,0
BRDA:276,14,1,0
BRDA:282,15,0,0
BRDA:282,15,1,0
BRF:32
BRH:0
end_of_record
TN:
SF:components\SideBar\styles.ts
FNF:0
FNH:0
DA:2,0
LF:1
LH:0
BRF:0
BRH:0
end_of_record
TN:
SF:components\StackedBarChart\StackedBarChart.tsx
FN:21,(anonymous_0)
FN:30,(anonymous_1)
FN:40,(anonymous_2)
FN:40,(anonymous_3)
FN:63,(anonymous_4)
FN:70,(anonymous_5)
FNF:6
FNH:0
FNDA:0,(anonymous_0)
FNDA:0,(anonymous_1)
FNDA:0,(anonymous_2)
FNDA:0,(anonymous_3)
FNDA:0,(anonymous_4)
FNDA:0,(anonymous_5)
DA:21,0
DA:30,0
DA:31,0
DA:39,0
DA:40,0
DA:43,0
DA:44,0
DA:49,0
DA:64,0
DA:71,0
DA:72,0
LF:11
LH:0
BRDA:25,0,0,0
BRDA:27,1,0,0
BRDA:54,2,0,0
BRDA:54,2,1,0
BRDA:58,3,0,0
BRDA:58,3,1,0
BRDA:73,4,0,0
BRDA:73,4,1,0
BRDA:78,5,0,0
BRDA:78,5,1,0
BRF:10
BRH:0
end_of_record
TN:
SF:components\ThemeSelector\ThemeSelector.tsx
FN:6,(anonymous_0)
FNF:1
FNH:0
FNDA:0,(anonymous_0)
DA:6,0
DA:7,0
DA:8,0
DA:11,0
DA:23,0
DA:47,0
DA:49,0
LF:7
LH:0
BRDA:11,0,0,0
BRDA:11,0,1,0
BRDA:11,1,0,0
BRDA:11,1,1,0
BRDA:28,2,0,0
BRDA:28,2,1,0
BRDA:53,3,0,0
BRDA:53,3,1,0
BRF:8
BRH:0
end_of_record
TN:
SF:screens\AuthLoadingScreen.tsx
FN:5,AuthLoadingScreen
FNF:1
FNH:0
FNDA:0,AuthLoadingScreen
DA:6,0
DA:8,0
LF:2
LH:0
BRF:0
BRH:0
end_of_record
TN:
SF:screens\AuthScreen.tsx
FN:23,AuthScreen
FN:62,(anonymous_1)
FN:97,(anonymous_2)
FN:204,(anonymous_3)
FNF:4
FNH:2
FNDA:18,AuthScreen
FNDA:4,(anonymous_1)
FNDA:0,(anonymous_2)
FNDA:0,(anonymous_3)
DA:24,18
DA:25,18
DA:26,18
DA:28,18
DA:51,18
DA:53,18
DA:54,18
DA:55,18
DA:56,18
DA:60,18
DA:62,18
DA:63,4
DA:65,4
DA:66,4
DA:68,4
DA:69,1
DA:70,1
DA:73,3
DA:74,3
DA:75,3
DA:76,2
DA:78,1
DA:79,0
DA:80,0
DA:81,0
DA:84,1
DA:87,1
DA:88,1
DA:89,1
DA:91,3
DA:95,18
DA:97,0
DA:204,0
LF:33
LH:28
BRDA:51,0,0,0
BRDA:51,0,1,18
BRDA:65,1,0,1
BRDA:65,1,1,3
BRDA:66,2,0,1
BRDA:66,2,1,3
BRDA:68,3,0,1
BRDA:68,3,1,3
BRDA:68,4,0,4
BRDA:68,4,1,3
BRDA:78,5,0,0
BRDA:78,5,1,1
BRDA:80,6,0,0
BRDA:80,6,1,0
BRDA:97,7,0,0
BRDA:97,7,1,0
BRDA:100,8,0,18
BRDA:100,8,1,0
BRDA:113,9,0,0
BRDA:113,9,1,18
BRDA:132,10,0,0
BRDA:132,10,1,18
BRDA:133,11,0,0
BRDA:133,11,1,18
BRDA:140,12,0,0
BRDA:140,12,1,18
BRDA:157,13,0,0
BRDA:157,13,1,18
BRDA:175,14,0,0
BRDA:175,14,1,18
BRDA:180,15,0,18
BRDA:180,15,1,1
BRDA:198,16,0,0
BRDA:198,16,1,18
BRDA:213,17,0,0
BRDA:213,17,1,18
BRDA:219,18,0,18
BRDA:219,18,1,1
BRDA:235,19,0,3
BRDA:235,19,1,15
BRDA:238,20,0,3
BRDA:238,20,1,15
BRDA:249,21,0,0
BRDA:249,21,1,15
BRF:44
BRH:28
end_of_record
TN:
SF:screens\DetailsScreen.tsx
FN:6,DetailsScreen
FN:16,(anonymous_1)
FNF:2
FNH:0
FNDA:0,DetailsScreen
FNDA:0,(anonymous_1)
DA:7,0
DA:10,0
DA:11,0
DA:12,0
DA:16,0
DA:39,0
LF:6
LH:0
BRDA:10,0,0,0
BRDA:10,0,1,0
BRDA:22,1,0,0
BRDA:22,1,1,0
BRDA:28,2,0,0
BRDA:28,2,1,0
BRF:6
BRH:0
end_of_record
TN:
SF:screens\HomeScreen.tsx
FN:11,HomeScreen
FN:21,(anonymous_1)
FNF:2
FNH:0
FNDA:0,HomeScreen
FNDA:0,(anonymous_1)
DA:12,0
DA:13,0
DA:14,0
DA:15,0
DA:19,0
DA:21,0
DA:22,0
DA:24,0
DA:26,0
LF:9
LH:0
BRDA:16,0,0,0
BRDA:16,0,1,0
BRDA:17,1,0,0
BRDA:17,1,1,0
BRDA:33,2,0,0
BRDA:33,2,1,0
BRDA:37,3,0,0
BRDA:37,3,1,0
BRF:8
BRH:0
end_of_record
TN:
SF:screens\InventoryScreen.tsx
FN:19,InventoryScreen
FN:34,(anonymous_1)
FN:38,(anonymous_2)
FN:52,obtenerProductosPorPagina
FN:58,showProducts
FN:66,obtenerTotalPaginas
FN:72,(anonymous_6)
FN:90,(anonymous_7)
FN:92,(anonymous_8)
FN:93,(anonymous_9)
FN:97,(anonymous_10)
FN:98,(anonymous_11)
FN:99,(anonymous_12)
FN:102,(anonymous_13)
FN:114,(anonymous_14)
FN:120,(anonymous_15)
FN:124,(anonymous_16)
FN:126,(anonymous_17)
FN:140,(anonymous_18)
FN:144,(anonymous_19)
FN:157,(anonymous_20)
FN:191,(anonymous_21)
FN:201,(anonymous_22)
FNF:23
FNH:0
FNDA:0,InventoryScreen
FNDA:0,(anonymous_1)
FNDA:0,(anonymous_2)
FNDA:0,obtenerProductosPorPagina
FNDA:0,showProducts
FNDA:0,obtenerTotalPaginas
FNDA:0,(anonymous_6)
FNDA:0,(anonymous_7)
FNDA:0,(anonymous_8)
FNDA:0,(anonymous_9)
FNDA:0,(anonymous_10)
FNDA:0,(anonymous_11)
FNDA:0,(anonymous_12)
FNDA:0,(anonymous_13)
FNDA:0,(anonymous_14)
FNDA:0,(anonymous_15)
FNDA:0,(anonymous_16)
FNDA:0,(anonymous_17)
FNDA:0,(anonymous_18)
FNDA:0,(anonymous_19)
FNDA:0,(anonymous_20)
FNDA:0,(anonymous_21)
FNDA:0,(anonymous_22)
DA:20,0
DA:21,0
DA:22,0
DA:23,0
DA:28,0
DA:29,0
DA:30,0
DA:34,0
DA:35,0
DA:36,0
DA:37,0
DA:38,0
DA:39,0
DA:40,0
DA:47,0
DA:50,0
DA:53,0
DA:54,0
DA:55,0
DA:59,0
DA:60,0
DA:62,0
DA:63,0
DA:67,0
DA:70,0
DA:72,0
DA:73,0
DA:75,0
DA:76,0
DA:77,0
DA:78,0
DA:81,0
DA:84,0
DA:85,0
DA:86,0
DA:90,0
DA:91,0
DA:92,0
DA:93,0
DA:97,0
DA:98,0
DA:99,0
DA:102,0
DA:103,0
DA:104,0
DA:105,0
DA:106,0
DA:107,0
DA:109,0
DA:113,0
DA:114,0
DA:115,0
DA:118,0
DA:120,0
DA:121,0
DA:124,0
DA:125,0
DA:127,0
DA:130,0
DA:133,0
DA:136,0
DA:139,0
DA:140,0
DA:141,0
DA:143,0
DA:144,0
DA:148,0
DA:157,0
DA:192,0
DA:201,0
LF:70
LH:0
BRDA:24,0,0,0
BRDA:24,0,1,0
BRDA:25,1,0,0
BRDA:25,1,1,0
BRDA:31,2,0,0
BRDA:31,2,1,0
BRDA:41,3,0,0
BRDA:41,3,1,0
BRDA:41,3,2,0
BRDA:59,4,0,0
BRDA:59,4,1,0
BRDA:76,5,0,0
BRDA:76,5,1,0
BRDA:87,6,0,0
BRDA:87,6,1,0
BRDA:91,7,0,0
BRDA:91,7,1,0
BRDA:103,8,0,0
BRDA:103,8,1,0
BRDA:106,9,0,0
BRDA:106,9,1,0
BRDA:128,10,0,0
BRDA:128,10,1,0
BRDA:131,11,0,0
BRDA:131,11,1,0
BRDA:133,12,0,0
BRDA:133,12,1,0
BRDA:153,13,0,0
BRDA:153,13,1,0
BRDA:157,14,0,0
BRDA:157,14,1,0
BRDA:162,15,0,0
BRDA:162,15,1,0
BRDA:180,16,0,0
BRDA:180,16,1,0
BRDA:182,17,0,0
BRDA:182,17,1,0
BRDA:197,18,0,0
BRDA:197,18,1,0
BRDA:208,19,0,0
BRDA:208,19,1,0
BRF:41
BRH:0
end_of_record
TN:
SF:screens\UserScreen.tsx
FN:9,ProfileScreen
FNF:1
FNH:0
FNDA:0,ProfileScreen
DA:10,0
DA:11,0
DA:13,0
DA:14,0
DA:25,0
DA:29,0
LF:6
LH:0
BRDA:13,0,0,0
BRDA:13,0,1,0
BRDA:40,1,0,0
BRDA:40,1,1,0
BRDA:43,2,0,0
BRDA:43,2,1,0
BRDA:52,3,0,0
BRDA:52,3,1,0
BRDA:60,4,0,0
BRDA:60,4,1,0
BRDA:66,5,0,0
BRDA:66,5,1,0
BRDA:67,6,0,0
BRDA:67,6,1,0
BRDA:83,7,0,0
BRDA:83,7,1,0
BRDA:86,8,0,0
BRDA:86,8,1,0
BRDA:101,9,0,0
BRDA:101,9,1,0
BRDA:104,10,0,0
BRDA:104,10,1,0
BRDA:107,11,0,0
BRDA:107,11,1,0
BRF:24
BRH:0
end_of_record
